[{"line":2,"elements":[{"line":5,"name":"","description":"","type":"background","keyword":"Background","steps":[{"result":{"status":"skipped"},"before":[{"result":{"duration":2014300,"status":"skipped"},"match":{"location":"in.finology.stepDefns.Hooks.beforeStep(io.cucumber.java.Scenario)"}}],"line":6,"name":"User is logged in and on account dashboard page","match":{"location":"in.finology.stepDefns.AccountDashboard_Steps.userIsLoggedInAndOnAccountDashboardPage()"},"after":[{"result":{"duration":2015600,"status":"skipped"},"match":{"location":"in.finology.stepDefns.Hooks.afterStep(io.cucumber.java.Scenario)"}}],"keyword":"Given "}]},{"start_timestamp":"2025-05-25T16:46:50.482Z","before":[{"result":{"error_message":"io.cucumber.core.exception.CucumberException: Failed to instantiate class in.finology.stepDefns.AccountDashboard_Steps\r\n\tat io.cucumber.core.backend.DefaultObjectFactory.cacheNewInstance(DefaultObjectFactory.java:67)\r\n\tat io.cucumber.core.backend.DefaultObjectFactory.getInstance(DefaultObjectFactory.java:45)\r\n\tat io.cucumber.java.AbstractGlueDefinition.invokeMethod(AbstractGlueDefinition.java:47)\r\n\tat io.cucumber.java.JavaHookDefinition.execute(JavaHookDefinition.java:68)\r\n\tat io.cucumber.core.runner.CoreHookDefinition.execute(CoreHookDefinition.java:47)\r\n\tat io.cucumber.core.runner.HookDefinitionMatch.runStep(HookDefinitionMatch.java:21)\r\n\tat io.cucumber.core.runner.ExecutionMode$1.execute(ExecutionMode.java:10)\r\n\tat io.cucumber.core.runner.TestStep.executeStep(TestStep.java:81)\r\n\tat io.cucumber.core.runner.TestStep.run(TestStep.java:53)\r\n\tat io.cucumber.core.runner.TestCase.run(TestCase.java:80)\r\n\tat io.cucumber.core.runner.Runner.runPickle(Runner.java:77)\r\n\tat io.cucumber.testng.TestNGCucumberRunner.lambda$runScenario$1(TestNGCucumberRunner.java:135)\r\n\tat io.cucumber.core.runtime.CucumberExecutionContext.lambda$runTestCase$5(CucumberExecutionContext.java:136)\r\n\tat io.cucumber.core.runtime.RethrowingThrowableCollector.executeAndThrow(RethrowingThrowableCollector.java:23)\r\n\tat io.cucumber.core.runtime.CucumberExecutionContext.runTestCase(CucumberExecutionContext.java:136)\r\n\tat io.cucumber.testng.TestNGCucumberRunner.runScenario(TestNGCucumberRunner.java:132)\r\n\tat io.cucumber.testng.AbstractTestNGCucumberTests.runScenario(AbstractTestNGCucumberTests.java:35)\r\n\tat java.base/jdk.internal.reflect.DirectMethodHandleAccessor.invoke(DirectMethodHandleAccessor.java:103)\r\n\tat java.base/java.lang.reflect.Method.invoke(Method.java:580)\r\n\tat org.testng.internal.invokers.MethodInvocationHelper.invokeMethod(MethodInvocationHelper.java:141)\r\n\tat org.testng.internal.invokers.TestInvoker.invokeMethod(TestInvoker.java:687)\r\n\tat org.testng.internal.invokers.TestInvoker.invokeTestMethod(TestInvoker.java:230)\r\n\tat org.testng.internal.invokers.TestMethodWithDataProviderMethodWorker.call(TestMethodWithDataProviderMethodWorker.java:81)\r\n\tat org.testng.internal.thread.Async$AsyncTask.run(Async.java:34)\r\n\tat java.base/java.util.concurrent.ThreadPoolExecutor.runWorker(ThreadPoolExecutor.java:1144)\r\n\tat java.base/java.util.concurrent.ThreadPoolExecutor$Worker.run(ThreadPoolExecutor.java:642)\r\n\tat java.base/java.lang.Thread.run(Thread.java:1583)\r\nCaused by: java.lang.reflect.InvocationTargetException\r\n\tat java.base/jdk.internal.reflect.DirectConstructorHandleAccessor.newInstance(DirectConstructorHandleAccessor.java:72)\r\n\tat java.base/java.lang.reflect.Constructor.newInstanceWithCaller(Constructor.java:502)\r\n\tat java.base/java.lang.reflect.Constructor.newInstance(Constructor.java:486)\r\n\tat io.cucumber.core.backend.DefaultObjectFactory.cacheNewInstance(DefaultObjectFactory.java:53)\r\n\t... 26 more\r\nCaused by: java.lang.NullPointerException: Cannot invoke \"in.finology.utils.ObjectContext.getDriver()\" because the return value of \"in.finology.utils.ContextManager.getContext()\" is null\r\n\tat in.finology.stepDefns.AccountDashboard_Steps.<init>(AccountDashboard_Steps.java:27)\r\n\tat java.base/jdk.internal.reflect.DirectConstructorHandleAccessor.newInstance(DirectConstructorHandleAccessor.java:62)\r\n\t... 29 more\r\n","duration":2001500,"status":"failed"},"match":{"location":"in.finology.stepDefns.AccountDashboard_Steps.performingLogin()"}},{"result":{"duration":104061777500,"status":"passed"},"match":{"location":"in.finology.stepDefns.Hooks.beforeScenario()"}}],"line":8,"name":"","description":"","id":";","after":[{"result":{"duration":35094606200,"status":"passed"},"match":{"location":"in.finology.stepDefns.Hooks.afterScenario(io.cucumber.java.Scenario)"}}],"type":"scenario","keyword":"Scenario","steps":[{"result":{"status":"skipped"},"before":[{"result":{"status":"skipped"},"match":{"location":"in.finology.stepDefns.Hooks.beforeStep(io.cucumber.java.Scenario)"}}],"line":9,"name":"User should be on account dashboard page","match":{"location":"in.finology.stepDefns.AccountDashboard_Steps.userShouldBeOnAccountDashboardPage()"},"after":[{"result":{"status":"skipped"},"match":{"location":"in.finology.stepDefns.Hooks.afterStep(io.cucumber.java.Scenario)"}}],"keyword":"Given "},{"result":{"duration":2009800,"status":"skipped"},"before":[{"result":{"status":"skipped"},"match":{"location":"in.finology.stepDefns.Hooks.beforeStep(io.cucumber.java.Scenario)"}}],"line":10,"name":"User should be on account dashboard page","match":{"location":"in.finology.stepDefns.AccountDashboard_Steps.userShouldBeOnAccountDashboardPage()"},"after":[{"result":{"duration":161954700,"status":"skipped"},"match":{"location":"in.finology.stepDefns.Hooks.afterStep(io.cucumber.java.Scenario)"}}],"keyword":"When "},{"result":{"duration":2011300,"status":"skipped"},"before":[{"result":{"status":"skipped"},"match":{"location":"in.finology.stepDefns.Hooks.beforeStep(io.cucumber.java.Scenario)"}}],"line":11,"name":"All dashboard elements should be displayed","match":{"location":"in.finology.stepDefns.AccountDashboard_Steps.allDashboardElementsShouldBeDisplayed()"},"after":[{"result":{"status":"skipped"},"match":{"location":"in.finology.stepDefns.Hooks.afterStep(io.cucumber.java.Scenario)"}}],"keyword":"Then "},{"result":{"status":"skipped"},"before":[{"result":{"duration":2014600,"status":"skipped"},"match":{"location":"in.finology.stepDefns.Hooks.beforeStep(io.cucumber.java.Scenario)"}}],"line":12,"name":"User should perform logout from account dashboard page","match":{"location":"in.finology.stepDefns.AccountDashboard_Steps.user_should_perform_logout_from_account_dashboard_page()"},"after":[{"result":{"status":"skipped"},"match":{"location":"in.finology.stepDefns.Hooks.afterStep(io.cucumber.java.Scenario)"}}],"keyword":"And "}],"tags":[{"name":"@account_dashboard"}]},{"line":5,"name":"","description":"","type":"background","keyword":"Background","steps":[{"result":{"status":"skipped"},"before":[{"result":{"status":"skipped"},"match":{"location":"in.finology.stepDefns.Hooks.beforeStep(io.cucumber.java.Scenario)"}}],"line":6,"name":"User is logged in and on account dashboard page","match":{"location":"in.finology.stepDefns.AccountDashboard_Steps.userIsLoggedInAndOnAccountDashboardPage()"},"after":[{"result":{"status":"skipped"},"match":{"location":"in.finology.stepDefns.Hooks.afterStep(io.cucumber.java.Scenario)"}}],"keyword":"Given "}]},{"start_timestamp":"2025-05-25T16:46:50.496Z","before":[{"result":{"error_message":"io.cucumber.core.exception.CucumberException: Failed to instantiate class in.finology.stepDefns.AccountDashboard_Steps\r\n\tat io.cucumber.core.backend.DefaultObjectFactory.cacheNewInstance(DefaultObjectFactory.java:67)\r\n\tat io.cucumber.core.backend.DefaultObjectFactory.getInstance(DefaultObjectFactory.java:45)\r\n\tat io.cucumber.java.AbstractGlueDefinition.invokeMethod(AbstractGlueDefinition.java:47)\r\n\tat io.cucumber.java.JavaHookDefinition.execute(JavaHookDefinition.java:68)\r\n\tat io.cucumber.core.runner.CoreHookDefinition.execute(CoreHookDefinition.java:47)\r\n\tat io.cucumber.core.runner.HookDefinitionMatch.runStep(HookDefinitionMatch.java:21)\r\n\tat io.cucumber.core.runner.ExecutionMode$1.execute(ExecutionMode.java:10)\r\n\tat io.cucumber.core.runner.TestStep.executeStep(TestStep.java:81)\r\n\tat io.cucumber.core.runner.TestStep.run(TestStep.java:53)\r\n\tat io.cucumber.core.runner.TestCase.run(TestCase.java:80)\r\n\tat io.cucumber.core.runner.Runner.runPickle(Runner.java:77)\r\n\tat io.cucumber.testng.TestNGCucumberRunner.lambda$runScenario$1(TestNGCucumberRunner.java:135)\r\n\tat io.cucumber.core.runtime.CucumberExecutionContext.lambda$runTestCase$5(CucumberExecutionContext.java:136)\r\n\tat io.cucumber.core.runtime.RethrowingThrowableCollector.executeAndThrow(RethrowingThrowableCollector.java:23)\r\n\tat io.cucumber.core.runtime.CucumberExecutionContext.runTestCase(CucumberExecutionContext.java:136)\r\n\tat io.cucumber.testng.TestNGCucumberRunner.runScenario(TestNGCucumberRunner.java:132)\r\n\tat io.cucumber.testng.AbstractTestNGCucumberTests.runScenario(AbstractTestNGCucumberTests.java:35)\r\n\tat java.base/jdk.internal.reflect.DirectMethodHandleAccessor.invoke(DirectMethodHandleAccessor.java:103)\r\n\tat java.base/java.lang.reflect.Method.invoke(Method.java:580)\r\n\tat org.testng.internal.invokers.MethodInvocationHelper.invokeMethod(MethodInvocationHelper.java:141)\r\n\tat org.testng.internal.invokers.TestInvoker.invokeMethod(TestInvoker.java:687)\r\n\tat org.testng.internal.invokers.TestInvoker.invokeTestMethod(TestInvoker.java:230)\r\n\tat org.testng.internal.invokers.TestMethodWithDataProviderMethodWorker.call(TestMethodWithDataProviderMethodWorker.java:81)\r\n\tat org.testng.internal.thread.Async$AsyncTask.run(Async.java:34)\r\n\tat java.base/java.util.concurrent.ThreadPoolExecutor.runWorker(ThreadPoolExecutor.java:1144)\r\n\tat java.base/java.util.concurrent.ThreadPoolExecutor$Worker.run(ThreadPoolExecutor.java:642)\r\n\tat java.base/java.lang.Thread.run(Thread.java:1583)\r\nCaused by: java.lang.reflect.InvocationTargetException\r\n\tat java.base/jdk.internal.reflect.DirectConstructorHandleAccessor.newInstance(DirectConstructorHandleAccessor.java:72)\r\n\tat java.base/java.lang.reflect.Constructor.newInstanceWithCaller(Constructor.java:502)\r\n\tat java.base/java.lang.reflect.Constructor.newInstance(Constructor.java:486)\r\n\tat io.cucumber.core.backend.DefaultObjectFactory.cacheNewInstance(DefaultObjectFactory.java:53)\r\n\t... 26 more\r\nCaused by: java.lang.NullPointerException: Cannot invoke \"in.finology.utils.ObjectContext.getDriver()\" because the return value of \"in.finology.utils.ContextManager.getContext()\" is null\r\n\tat in.finology.stepDefns.AccountDashboard_Steps.<init>(AccountDashboard_Steps.java:27)\r\n\tat java.base/jdk.internal.reflect.DirectConstructorHandleAccessor.newInstance(DirectConstructorHandleAccessor.java:62)\r\n\t... 29 more\r\n","duration":6998300,"status":"failed"},"match":{"location":"in.finology.stepDefns.AccountDashboard_Steps.performingLogin()"}},{"result":{"duration":117545075600,"status":"passed"},"match":{"location":"in.finology.stepDefns.Hooks.beforeScenario()"}}],"line":14,"name":"","description":"","id":";","after":[{"result":{"duration":24694830700,"status":"passed"},"match":{"location":"in.finology.stepDefns.Hooks.afterScenario(io.cucumber.java.Scenario)"}}],"type":"scenario","keyword":"Scenario","steps":[{"result":{"duration":2009000,"status":"skipped"},"before":[{"result":{"status":"skipped"},"match":{"location":"in.finology.stepDefns.Hooks.beforeStep(io.cucumber.java.Scenario)"}}],"line":15,"name":"User should be on account dashboard page","match":{"location":"in.finology.stepDefns.AccountDashboard_Steps.userShouldBeOnAccountDashboardPage()"},"after":[{"result":{"status":"skipped"},"match":{"location":"in.finology.stepDefns.Hooks.afterStep(io.cucumber.java.Scenario)"}}],"keyword":"Given "},{"result":{"duration":7874300,"status":"skipped"},"before":[{"result":{"status":"skipped"},"match":{"location":"in.finology.stepDefns.Hooks.beforeStep(io.cucumber.java.Scenario)"}}],"line":16,"name":"User clicks user profile","match":{"location":"in.finology.stepDefns.AccountDashboard_Steps.userClicksUserProfile()"},"after":[{"result":{"duration":26207800,"status":"skipped"},"match":{"location":"in.finology.stepDefns.Hooks.afterStep(io.cucumber.java.Scenario)"}}],"keyword":"When "},{"result":{"duration":638200,"status":"skipped"},"before":[{"result":{"duration":1615400,"status":"skipped"},"match":{"location":"in.finology.stepDefns.Hooks.beforeStep(io.cucumber.java.Scenario)"}}],"line":17,"name":"All user photo elements should be displayed","match":{"location":"in.finology.stepDefns.AccountDashboard_Steps.allUserPhotoElementsShouldBeDisplayed()"},"after":[{"result":{"duration":4997900,"status":"skipped"},"match":{"location":"in.finology.stepDefns.Hooks.afterStep(io.cucumber.java.Scenario)"}}],"keyword":"Then "},{"result":{"status":"skipped"},"before":[{"result":{"duration":590300,"status":"skipped"},"match":{"location":"in.finology.stepDefns.Hooks.beforeStep(io.cucumber.java.Scenario)"}}],"line":18,"name":"User should perform logout from account dashboard page","match":{"location":"in.finology.stepDefns.AccountDashboard_Steps.user_should_perform_logout_from_account_dashboard_page()"},"after":[{"result":{"duration":6304800,"status":"skipped"},"match":{"location":"in.finology.stepDefns.Hooks.afterStep(io.cucumber.java.Scenario)"}}],"keyword":"And "}],"tags":[{"name":"@account_dashboard"}]},{"line":5,"name":"","description":"","type":"background","keyword":"Background","steps":[{"result":{"duration":2013100,"status":"skipped"},"before":[{"result":{"status":"skipped"},"match":{"location":"in.finology.stepDefns.Hooks.beforeStep(io.cucumber.java.Scenario)"}}],"line":6,"name":"User is logged in and on account dashboard page","match":{"location":"in.finology.stepDefns.AccountDashboard_Steps.userIsLoggedInAndOnAccountDashboardPage()"},"after":[{"result":{"status":"skipped"},"match":{"location":"in.finology.stepDefns.Hooks.afterStep(io.cucumber.java.Scenario)"}}],"keyword":"Given "}]},{"start_timestamp":"2025-05-25T16:46:50.441Z","before":[{"result":{"error_message":"io.cucumber.core.exception.CucumberException: Failed to instantiate class in.finology.stepDefns.AccountDashboard_Steps\r\n\tat io.cucumber.core.backend.DefaultObjectFactory.cacheNewInstance(DefaultObjectFactory.java:67)\r\n\tat io.cucumber.core.backend.DefaultObjectFactory.getInstance(DefaultObjectFactory.java:45)\r\n\tat io.cucumber.java.AbstractGlueDefinition.invokeMethod(AbstractGlueDefinition.java:47)\r\n\tat io.cucumber.java.JavaHookDefinition.execute(JavaHookDefinition.java:68)\r\n\tat io.cucumber.core.runner.CoreHookDefinition.execute(CoreHookDefinition.java:47)\r\n\tat io.cucumber.core.runner.HookDefinitionMatch.runStep(HookDefinitionMatch.java:21)\r\n\tat io.cucumber.core.runner.ExecutionMode$1.execute(ExecutionMode.java:10)\r\n\tat io.cucumber.core.runner.TestStep.executeStep(TestStep.java:81)\r\n\tat io.cucumber.core.runner.TestStep.run(TestStep.java:53)\r\n\tat io.cucumber.core.runner.TestCase.run(TestCase.java:80)\r\n\tat io.cucumber.core.runner.Runner.runPickle(Runner.java:77)\r\n\tat io.cucumber.testng.TestNGCucumberRunner.lambda$runScenario$1(TestNGCucumberRunner.java:135)\r\n\tat io.cucumber.core.runtime.CucumberExecutionContext.lambda$runTestCase$5(CucumberExecutionContext.java:136)\r\n\tat io.cucumber.core.runtime.RethrowingThrowableCollector.executeAndThrow(RethrowingThrowableCollector.java:23)\r\n\tat io.cucumber.core.runtime.CucumberExecutionContext.runTestCase(CucumberExecutionContext.java:136)\r\n\tat io.cucumber.testng.TestNGCucumberRunner.runScenario(TestNGCucumberRunner.java:132)\r\n\tat io.cucumber.testng.AbstractTestNGCucumberTests.runScenario(AbstractTestNGCucumberTests.java:35)\r\n\tat java.base/jdk.internal.reflect.DirectMethodHandleAccessor.invoke(DirectMethodHandleAccessor.java:103)\r\n\tat java.base/java.lang.reflect.Method.invoke(Method.java:580)\r\n\tat org.testng.internal.invokers.MethodInvocationHelper.invokeMethod(MethodInvocationHelper.java:141)\r\n\tat org.testng.internal.invokers.TestInvoker.invokeMethod(TestInvoker.java:687)\r\n\tat org.testng.internal.invokers.TestInvoker.invokeTestMethod(TestInvoker.java:230)\r\n\tat org.testng.internal.invokers.TestMethodWithDataProviderMethodWorker.call(TestMethodWithDataProviderMethodWorker.java:81)\r\n\tat org.testng.internal.thread.Async$AsyncTask.run(Async.java:34)\r\n\tat java.base/java.util.concurrent.ThreadPoolExecutor.runWorker(ThreadPoolExecutor.java:1144)\r\n\tat java.base/java.util.concurrent.ThreadPoolExecutor$Worker.run(ThreadPoolExecutor.java:642)\r\n\tat java.base/java.lang.Thread.run(Thread.java:1583)\r\nCaused by: java.lang.reflect.InvocationTargetException\r\n\tat java.base/jdk.internal.reflect.DirectConstructorHandleAccessor.newInstance(DirectConstructorHandleAccessor.java:72)\r\n\tat java.base/java.lang.reflect.Constructor.newInstanceWithCaller(Constructor.java:502)\r\n\tat java.base/java.lang.reflect.Constructor.newInstance(Constructor.java:486)\r\n\tat io.cucumber.core.backend.DefaultObjectFactory.cacheNewInstance(DefaultObjectFactory.java:53)\r\n\t... 26 more\r\nCaused by: java.lang.NullPointerException: Cannot invoke \"in.finology.utils.ObjectContext.getDriver()\" because the return value of \"in.finology.utils.ContextManager.getContext()\" is null\r\n\tat in.finology.stepDefns.AccountDashboard_Steps.<init>(AccountDashboard_Steps.java:27)\r\n\tat java.base/jdk.internal.reflect.DirectConstructorHandleAccessor.newInstance(DirectConstructorHandleAccessor.java:62)\r\n\t... 29 more\r\n","duration":59008700,"status":"failed"},"match":{"location":"in.finology.stepDefns.AccountDashboard_Steps.performingLogin()"}},{"result":{"duration":117413847800,"status":"passed"},"match":{"location":"in.finology.stepDefns.Hooks.beforeScenario()"}}],"line":20,"name":"","description":"","id":";","after":[{"result":{"duration":24008881900,"status":"passed"},"match":{"location":"in.finology.stepDefns.Hooks.afterScenario(io.cucumber.java.Scenario)"}}],"type":"scenario","keyword":"Scenario","steps":[{"result":{"status":"skipped"},"before":[{"result":{"status":"skipped"},"match":{"location":"in.finology.stepDefns.Hooks.beforeStep(io.cucumber.java.Scenario)"}}],"line":21,"name":"User should be on account dashboard page","match":{"location":"in.finology.stepDefns.AccountDashboard_Steps.userShouldBeOnAccountDashboardPage()"},"after":[{"result":{"duration":2009800,"status":"skipped"},"match":{"location":"in.finology.stepDefns.Hooks.afterStep(io.cucumber.java.Scenario)"}}],"keyword":"Given "},{"result":{"duration":2819300,"status":"skipped"},"before":[{"result":{"duration":2013800,"status":"skipped"},"match":{"location":"in.finology.stepDefns.Hooks.beforeStep(io.cucumber.java.Scenario)"}}],"line":22,"name":"User clicks user profile","match":{"location":"in.finology.stepDefns.AccountDashboard_Steps.userClicksUserProfile()"},"after":[{"result":{"status":"skipped"},"match":{"location":"in.finology.stepDefns.Hooks.afterStep(io.cucumber.java.Scenario)"}}],"keyword":"When "},{"result":{"duration":1183600,"status":"skipped"},"before":[{"result":{"duration":3424200,"status":"skipped"},"match":{"location":"in.finology.stepDefns.Hooks.beforeStep(io.cucumber.java.Scenario)"}}],"line":23,"name":"All user photo elements should be displayed","match":{"location":"in.finology.stepDefns.AccountDashboard_Steps.allUserPhotoElementsShouldBeDisplayed()"},"after":[{"result":{"duration":2827000,"status":"skipped"},"match":{"location":"in.finology.stepDefns.Hooks.afterStep(io.cucumber.java.Scenario)"}}],"keyword":"Then "},{"result":{"duration":238846500,"status":"skipped"},"before":[{"result":{"duration":41874900,"status":"skipped"},"match":{"location":"in.finology.stepDefns.Hooks.beforeStep(io.cucumber.java.Scenario)"}}],"line":24,"name":"User should perform logout from account dashboard page","match":{"location":"in.finology.stepDefns.AccountDashboard_Steps.user_should_perform_logout_from_account_dashboard_page()"},"after":[{"result":{"duration":694000,"status":"skipped"},"match":{"location":"in.finology.stepDefns.Hooks.afterStep(io.cucumber.java.Scenario)"}}],"keyword":"And "}],"tags":[{"name":"@account_dashboard"}]},{"line":5,"name":"","description":"","type":"background","keyword":"Background","steps":[{"result":{"status":"skipped"},"before":[{"result":{"status":"skipped"},"match":{"location":"in.finology.stepDefns.Hooks.beforeStep(io.cucumber.java.Scenario)"}}],"line":6,"name":"User is logged in and on account dashboard page","match":{"location":"in.finology.stepDefns.AccountDashboard_Steps.userIsLoggedInAndOnAccountDashboardPage()"},"after":[{"result":{"duration":6506500,"status":"skipped"},"match":{"location":"in.finology.stepDefns.Hooks.afterStep(io.cucumber.java.Scenario)"}}],"keyword":"Given "}]},{"start_timestamp":"2025-05-25T16:46:50.454Z","before":[{"result":{"error_message":"io.cucumber.core.exception.CucumberException: Failed to instantiate class in.finology.stepDefns.AccountDashboard_Steps\r\n\tat io.cucumber.core.backend.DefaultObjectFactory.cacheNewInstance(DefaultObjectFactory.java:67)\r\n\tat io.cucumber.core.backend.DefaultObjectFactory.getInstance(DefaultObjectFactory.java:45)\r\n\tat io.cucumber.java.AbstractGlueDefinition.invokeMethod(AbstractGlueDefinition.java:47)\r\n\tat io.cucumber.java.JavaHookDefinition.execute(JavaHookDefinition.java:68)\r\n\tat io.cucumber.core.runner.CoreHookDefinition.execute(CoreHookDefinition.java:47)\r\n\tat io.cucumber.core.runner.HookDefinitionMatch.runStep(HookDefinitionMatch.java:21)\r\n\tat io.cucumber.core.runner.ExecutionMode$1.execute(ExecutionMode.java:10)\r\n\tat io.cucumber.core.runner.TestStep.executeStep(TestStep.java:81)\r\n\tat io.cucumber.core.runner.TestStep.run(TestStep.java:53)\r\n\tat io.cucumber.core.runner.TestCase.run(TestCase.java:80)\r\n\tat io.cucumber.core.runner.Runner.runPickle(Runner.java:77)\r\n\tat io.cucumber.testng.TestNGCucumberRunner.lambda$runScenario$1(TestNGCucumberRunner.java:135)\r\n\tat io.cucumber.core.runtime.CucumberExecutionContext.lambda$runTestCase$5(CucumberExecutionContext.java:136)\r\n\tat io.cucumber.core.runtime.RethrowingThrowableCollector.executeAndThrow(RethrowingThrowableCollector.java:23)\r\n\tat io.cucumber.core.runtime.CucumberExecutionContext.runTestCase(CucumberExecutionContext.java:136)\r\n\tat io.cucumber.testng.TestNGCucumberRunner.runScenario(TestNGCucumberRunner.java:132)\r\n\tat io.cucumber.testng.AbstractTestNGCucumberTests.runScenario(AbstractTestNGCucumberTests.java:35)\r\n\tat java.base/jdk.internal.reflect.DirectMethodHandleAccessor.invoke(DirectMethodHandleAccessor.java:103)\r\n\tat java.base/java.lang.reflect.Method.invoke(Method.java:580)\r\n\tat org.testng.internal.invokers.MethodInvocationHelper.invokeMethod(MethodInvocationHelper.java:141)\r\n\tat org.testng.internal.invokers.TestInvoker.invokeMethod(TestInvoker.java:687)\r\n\tat org.testng.internal.invokers.TestInvoker.invokeTestMethod(TestInvoker.java:230)\r\n\tat org.testng.internal.invokers.TestMethodWithDataProviderMethodWorker.call(TestMethodWithDataProviderMethodWorker.java:81)\r\n\tat org.testng.internal.thread.Async$AsyncTask.run(Async.java:34)\r\n\tat java.base/java.util.concurrent.ThreadPoolExecutor.runWorker(ThreadPoolExecutor.java:1144)\r\n\tat java.base/java.util.concurrent.ThreadPoolExecutor$Worker.run(ThreadPoolExecutor.java:642)\r\n\tat java.base/java.lang.Thread.run(Thread.java:1583)\r\nCaused by: java.lang.reflect.InvocationTargetException\r\n\tat java.base/jdk.internal.reflect.DirectConstructorHandleAccessor.newInstance(DirectConstructorHandleAccessor.java:72)\r\n\tat java.base/java.lang.reflect.Constructor.newInstanceWithCaller(Constructor.java:502)\r\n\tat java.base/java.lang.reflect.Constructor.newInstance(Constructor.java:486)\r\n\tat io.cucumber.core.backend.DefaultObjectFactory.cacheNewInstance(DefaultObjectFactory.java:53)\r\n\t... 26 more\r\nCaused by: java.lang.NullPointerException: Cannot invoke \"in.finology.utils.ObjectContext.getDriver()\" because the return value of \"in.finology.utils.ContextManager.getContext()\" is null\r\n\tat in.finology.stepDefns.AccountDashboard_Steps.<init>(AccountDashboard_Steps.java:27)\r\n\tat java.base/jdk.internal.reflect.DirectConstructorHandleAccessor.newInstance(DirectConstructorHandleAccessor.java:62)\r\n\t... 29 more\r\n","duration":26998500,"status":"failed"},"match":{"location":"in.finology.stepDefns.AccountDashboard_Steps.performingLogin()"}},{"result":{"duration":104316298300,"status":"passed"},"match":{"location":"in.finology.stepDefns.Hooks.beforeScenario()"}}],"line":33,"name":"","description":"","id":";;;2","after":[{"result":{"duration":31855004100,"status":"passed"},"match":{"location":"in.finology.stepDefns.Hooks.afterScenario(io.cucumber.java.Scenario)"}}],"type":"scenario","keyword":"Scenario Outline","steps":[{"result":{"status":"skipped"},"before":[{"result":{"duration":2996900,"status":"skipped"},"match":{"location":"in.finology.stepDefns.Hooks.beforeStep(io.cucumber.java.Scenario)"}}],"line":27,"name":"User should be on account dashboard page","match":{"location":"in.finology.stepDefns.AccountDashboard_Steps.userShouldBeOnAccountDashboardPage()"},"after":[{"result":{"duration":1998900,"status":"skipped"},"match":{"location":"in.finology.stepDefns.Hooks.afterStep(io.cucumber.java.Scenario)"}}],"keyword":"Given "},{"result":{"status":"skipped"},"before":[{"result":{"status":"skipped"},"match":{"location":"in.finology.stepDefns.Hooks.beforeStep(io.cucumber.java.Scenario)"}}],"line":28,"name":"User should be on account dashboard page","match":{"location":"in.finology.stepDefns.AccountDashboard_Steps.userShouldBeOnAccountDashboardPage()"},"after":[{"result":{"duration":1009700,"status":"skipped"},"match":{"location":"in.finology.stepDefns.Hooks.afterStep(io.cucumber.java.Scenario)"}}],"keyword":"When "},{"result":{"status":"skipped"},"before":[{"result":{"status":"skipped"},"match":{"location":"in.finology.stepDefns.Hooks.beforeStep(io.cucumber.java.Scenario)"}}],"line":29,"name":"Welcome \"Welcome to Finology. Access our state of the art products from here.\" should be displayed","match":{"arguments":[{"val":"\"Welcome to Finology. Access our state of the art products from here.\"","offset":8}],"location":"in.finology.stepDefns.AccountDashboard_Steps.welcomeShouldBeDisplayed(java.lang.String)"},"after":[{"result":{"status":"skipped"},"match":{"location":"in.finology.stepDefns.Hooks.afterStep(io.cucumber.java.Scenario)"}}],"keyword":"Then "}],"tags":[{"name":"@account_dashboard"}]}],"name":"","description":"  Account Dashboard Functionality","id":"","keyword":"Feature","uri":"file:src/test/resources/features/accountdashboard.feature","tags":[{"name":"@account_dashboard","type":"Tag","location":{"line":1,"column":1}}]},{"line":2,"elements":[{"line":5,"name":"","description":"","type":"background","keyword":"Background","steps":[{"result":{"duration":61594798500,"status":"passed"},"before":[{"result":{"duration":2011200,"status":"passed"},"match":{"location":"in.finology.stepDefns.Hooks.beforeStep(io.cucumber.java.Scenario)"}}],"line":6,"name":"User is on new login page","match":{"location":"in.finology.stepDefns.Login_Steps.user_is_on_new_login_page()"},"after":[{"result":{"duration":3426800,"status":"passed"},"match":{"location":"in.finology.stepDefns.Hooks.afterStep(io.cucumber.java.Scenario)"}}],"keyword":"Given "}]},{"start_timestamp":"2025-05-25T16:46:50.479Z","before":[{"result":{"duration":102385094800,"status":"passed"},"match":{"location":"in.finology.stepDefns.Hooks.beforeScenario()"}}],"line":17,"name":"Unsuccessful login with invalid or empty mobile number","description":"","id":";unsuccessful-login-with-invalid-or-empty-mobile-number;;2","after":[{"result":{"duration":34362130700,"status":"passed"},"match":{"location":"in.finology.stepDefns.Hooks.afterScenario(io.cucumber.java.Scenario)"}}],"type":"scenario","keyword":"Scenario Outline","steps":[{"result":{"duration":40781393600,"status":"passed"},"before":[{"result":{"duration":1494600,"status":"passed"},"match":{"location":"in.finology.stepDefns.Hooks.beforeStep(io.cucumber.java.Scenario)"}}],"line":10,"name":"User enter \"@$#637*\" in mobile number input box","match":{"arguments":[{"val":"\"@$#637*\"","offset":11}],"location":"in.finology.stepDefns.Login_Steps.user_enter_in_mobile_number_input_box(java.lang.String)"},"after":[{"result":{"status":"passed"},"match":{"location":"in.finology.stepDefns.Hooks.afterStep(io.cucumber.java.Scenario)"}}],"keyword":"Given "},{"result":{"duration":6952926700,"status":"passed"},"before":[{"result":{"duration":2016000,"status":"passed"},"match":{"location":"in.finology.stepDefns.Hooks.beforeStep(io.cucumber.java.Scenario)"}}],"line":11,"name":"User clicks Continue button","match":{"location":"in.finology.stepDefns.Login_Steps.user_clicks_continue_button()"},"after":[{"result":{"status":"passed"},"match":{"location":"in.finology.stepDefns.Hooks.afterStep(io.cucumber.java.Scenario)"}}],"keyword":"When "},{"result":{"duration":3927592000,"status":"passed"},"before":[{"result":{"status":"passed"},"match":{"location":"in.finology.stepDefns.Hooks.beforeStep(io.cucumber.java.Scenario)"}}],"line":12,"name":"Invalid mobile or required error \"Invalid Mobile\" should be shown","match":{"arguments":[{"val":"\"Invalid Mobile\"","offset":33}],"location":"in.finology.stepDefns.Login_Steps.invalid_mobile_or_required_error_should_be_shown(java.lang.String)"},"after":[{"result":{"status":"passed"},"match":{"location":"in.finology.stepDefns.Hooks.afterStep(io.cucumber.java.Scenario)"}}],"keyword":"Then "},{"result":{"duration":1308024500,"status":"passed"},"before":[{"result":{"status":"passed"},"match":{"location":"in.finology.stepDefns.Hooks.beforeStep(io.cucumber.java.Scenario)"}}],"line":13,"name":"User should be on login page","match":{"location":"in.finology.stepDefns.Login_Steps.user_should_be_on_login_page()"},"after":[{"result":{"status":"passed"},"match":{"location":"in.finology.stepDefns.Hooks.afterStep(io.cucumber.java.Scenario)"}}],"keyword":"And "}],"tags":[{"name":"@login"},{"name":"@unsuccessful_login"}]},{"line":5,"name":"","description":"","type":"background","keyword":"Background","steps":[{"result":{"duration":33892758700,"status":"passed"},"before":[{"result":{"duration":1352100,"status":"passed"},"match":{"location":"in.finology.stepDefns.Hooks.beforeStep(io.cucumber.java.Scenario)"}}],"line":6,"name":"User is on new login page","match":{"location":"in.finology.stepDefns.Login_Steps.user_is_on_new_login_page()"},"after":[{"result":{"duration":1003700,"status":"passed"},"match":{"location":"in.finology.stepDefns.Hooks.afterStep(io.cucumber.java.Scenario)"}}],"keyword":"Given "}]},{"start_timestamp":"2025-05-25T16:46:50.473Z","before":[{"result":{"duration":92808474500,"status":"passed"},"match":{"location":"in.finology.stepDefns.Hooks.beforeScenario()"}}],"line":18,"name":"Unsuccessful login with invalid or empty mobile number","description":"","id":";unsuccessful-login-with-invalid-or-empty-mobile-number;;3","after":[{"result":{"duration":20183487300,"status":"passed"},"match":{"location":"in.finology.stepDefns.Hooks.afterScenario(io.cucumber.java.Scenario)"}}],"type":"scenario","keyword":"Scenario Outline","steps":[{"result":{"error_message":"java.lang.AssertionError: User is unable to enter mobile number for login expected [true] but found [false]\r\n\tat org.testng.Assert.fail(Assert.java:111)\r\n\tat org.testng.Assert.failNotEquals(Assert.java:1590)\r\n\tat org.testng.Assert.assertTrue(Assert.java:57)\r\n\tat in.finology.stepDefns.Login_Steps.user_enter_in_mobile_number_input_box(Login_Steps.java:54)\r\n\tat âœ½.User enter \"\" in mobile number input box(file:///D:/Selenium%20Projects/build%20out/Finology/src/test/resources/features/login.feature:10)\r\n","duration":125058900,"status":"failed"},"before":[{"result":{"status":"passed"},"match":{"location":"in.finology.stepDefns.Hooks.beforeStep(io.cucumber.java.Scenario)"}}],"line":10,"name":"User enter \"\" in mobile number input box","match":{"arguments":[{"val":"\"\"","offset":11}],"location":"in.finology.stepDefns.Login_Steps.user_enter_in_mobile_number_input_box(java.lang.String)"},"after":[{"result":{"duration":1000000,"status":"passed"},"match":{"location":"in.finology.stepDefns.Hooks.afterStep(io.cucumber.java.Scenario)"}}],"keyword":"Given "},{"result":{"status":"skipped"},"before":[{"result":{"duration":998900,"status":"skipped"},"match":{"location":"in.finology.stepDefns.Hooks.beforeStep(io.cucumber.java.Scenario)"}}],"line":11,"name":"User clicks Continue button","match":{"location":"in.finology.stepDefns.Login_Steps.user_clicks_continue_button()"},"after":[{"result":{"status":"skipped"},"match":{"location":"in.finology.stepDefns.Hooks.afterStep(io.cucumber.java.Scenario)"}}],"keyword":"When "},{"result":{"status":"skipped"},"before":[{"result":{"status":"skipped"},"match":{"location":"in.finology.stepDefns.Hooks.beforeStep(io.cucumber.java.Scenario)"}}],"line":12,"name":"Invalid mobile or required error \"*Required\" should be shown","match":{"arguments":[{"val":"\"*Required\"","offset":33}],"location":"in.finology.stepDefns.Login_Steps.invalid_mobile_or_required_error_should_be_shown(java.lang.String)"},"after":[{"result":{"status":"skipped"},"match":{"location":"in.finology.stepDefns.Hooks.afterStep(io.cucumber.java.Scenario)"}}],"keyword":"Then "},{"result":{"duration":1048800,"status":"skipped"},"before":[{"result":{"status":"skipped"},"match":{"location":"in.finology.stepDefns.Hooks.beforeStep(io.cucumber.java.Scenario)"}}],"line":13,"name":"User should be on login page","match":{"location":"in.finology.stepDefns.Login_Steps.user_should_be_on_login_page()"},"after":[{"result":{"status":"skipped"},"match":{"location":"in.finology.stepDefns.Hooks.afterStep(io.cucumber.java.Scenario)"}}],"keyword":"And "}],"tags":[{"name":"@login"},{"name":"@unsuccessful_login"}]},{"line":5,"name":"","description":"","type":"background","keyword":"Background","steps":[{"result":{"error_message":"io.cucumber.core.exception.CucumberException: Failed to instantiate class in.finology.stepDefns.Login_Steps\r\n\tat io.cucumber.core.backend.DefaultObjectFactory.cacheNewInstance(DefaultObjectFactory.java:67)\r\n\tat io.cucumber.core.backend.DefaultObjectFactory.getInstance(DefaultObjectFactory.java:45)\r\n\tat io.cucumber.java.AbstractGlueDefinition.invokeMethod(AbstractGlueDefinition.java:47)\r\n\tat io.cucumber.java.JavaStepDefinition.execute(JavaStepDefinition.java:29)\r\n\tat io.cucumber.core.runner.CoreStepDefinition.execute(CoreStepDefinition.java:66)\r\n\tat io.cucumber.core.runner.PickleStepDefinitionMatch.runStep(PickleStepDefinitionMatch.java:62)\r\n\tat io.cucumber.core.runner.ExecutionMode$1.execute(ExecutionMode.java:10)\r\n\tat io.cucumber.core.runner.TestStep.executeStep(TestStep.java:81)\r\n\tat io.cucumber.core.runner.TestStep.run(TestStep.java:53)\r\n\tat io.cucumber.core.runner.PickleStepTestStep.run(PickleStepTestStep.java:51)\r\n\tat io.cucumber.core.runner.TestCase.run(TestCase.java:86)\r\n\tat io.cucumber.core.runner.Runner.runPickle(Runner.java:77)\r\n\tat io.cucumber.testng.TestNGCucumberRunner.lambda$runScenario$1(TestNGCucumberRunner.java:135)\r\n\tat io.cucumber.core.runtime.CucumberExecutionContext.lambda$runTestCase$5(CucumberExecutionContext.java:136)\r\n\tat io.cucumber.core.runtime.RethrowingThrowableCollector.executeAndThrow(RethrowingThrowableCollector.java:23)\r\n\tat io.cucumber.core.runtime.CucumberExecutionContext.runTestCase(CucumberExecutionContext.java:136)\r\n\tat io.cucumber.testng.TestNGCucumberRunner.runScenario(TestNGCucumberRunner.java:132)\r\n\tat io.cucumber.testng.AbstractTestNGCucumberTests.runScenario(AbstractTestNGCucumberTests.java:35)\r\n\tat java.base/jdk.internal.reflect.DirectMethodHandleAccessor.invoke(DirectMethodHandleAccessor.java:103)\r\n\tat java.base/java.lang.reflect.Method.invoke(Method.java:580)\r\n\tat org.testng.internal.invokers.MethodInvocationHelper.invokeMethod(MethodInvocationHelper.java:141)\r\n\tat org.testng.internal.invokers.TestInvoker.invokeMethod(TestInvoker.java:687)\r\n\tat org.testng.internal.invokers.TestInvoker.invokeTestMethod(TestInvoker.java:230)\r\n\tat org.testng.internal.invokers.TestMethodWithDataProviderMethodWorker.call(TestMethodWithDataProviderMethodWorker.java:81)\r\n\tat org.testng.internal.thread.Async$AsyncTask.run(Async.java:34)\r\n\tat java.base/java.util.concurrent.ThreadPoolExecutor.runWorker(ThreadPoolExecutor.java:1144)\r\n\tat java.base/java.util.concurrent.ThreadPoolExecutor$Worker.run(ThreadPoolExecutor.java:642)\r\n\tat java.base/java.lang.Thread.run(Thread.java:1583)\r\nCaused by: java.lang.reflect.InvocationTargetException\r\n\tat java.base/jdk.internal.reflect.DirectConstructorHandleAccessor.newInstance(DirectConstructorHandleAccessor.java:72)\r\n\tat java.base/java.lang.reflect.Constructor.newInstanceWithCaller(Constructor.java:502)\r\n\tat java.base/java.lang.reflect.Constructor.newInstance(Constructor.java:486)\r\n\tat io.cucumber.core.backend.DefaultObjectFactory.cacheNewInstance(DefaultObjectFactory.java:53)\r\n\t... 27 more\r\nCaused by: java.lang.NullPointerException: Cannot invoke \"in.finology.utils.ObjectContext.getDriver()\" because the return value of \"in.finology.utils.ContextManager.getContext()\" is null\r\n\tat in.finology.stepDefns.Login_Steps.<init>(Login_Steps.java:23)\r\n\tat java.base/jdk.internal.reflect.DirectConstructorHandleAccessor.newInstance(DirectConstructorHandleAccessor.java:62)\r\n\t... 30 more\r\n","duration":33402800,"status":"failed"},"before":[{"result":{"status":"passed"},"match":{"location":"in.finology.stepDefns.Hooks.beforeStep(io.cucumber.java.Scenario)"}}],"line":6,"name":"User is on new login page","match":{"location":"in.finology.stepDefns.Login_Steps.user_is_on_new_login_page()"},"after":[{"result":{"duration":2013700,"status":"passed"},"match":{"location":"in.finology.stepDefns.Hooks.afterStep(io.cucumber.java.Scenario)"}}],"keyword":"Given "}]},{"start_timestamp":"2025-05-25T16:46:50.484Z","before":[{"result":{"duration":137375323500,"status":"passed"},"match":{"location":"in.finology.stepDefns.Hooks.beforeScenario()"}}],"line":21,"name":"Unsuccessful login with new mobile number","description":"","id":";unsuccessful-login-with-new-mobile-number","after":[{"result":{"status":"passed"},"match":{"location":"in.finology.stepDefns.Hooks.afterScenario(io.cucumber.java.Scenario)"}}],"type":"scenario","keyword":"Scenario","steps":[{"result":{"duration":1428400,"status":"skipped"},"before":[{"result":{"status":"skipped"},"match":{"location":"in.finology.stepDefns.Hooks.beforeStep(io.cucumber.java.Scenario)"}}],"line":22,"name":"Generate new mobile number and User enter in mobile number input box","match":{"location":"in.finology.stepDefns.Login_Steps.generate_new_mobile_number_and_user_enter_in_mobile_number_input_box()"},"after":[{"result":{"status":"skipped"},"match":{"location":"in.finology.stepDefns.Hooks.afterStep(io.cucumber.java.Scenario)"}}],"keyword":"Given "},{"result":{"status":"skipped"},"before":[{"result":{"status":"skipped"},"match":{"location":"in.finology.stepDefns.Hooks.beforeStep(io.cucumber.java.Scenario)"}}],"line":23,"name":"User clicks Continue button","match":{"location":"in.finology.stepDefns.Login_Steps.user_clicks_continue_button()"},"after":[{"result":{"duration":513300,"status":"skipped"},"match":{"location":"in.finology.stepDefns.Hooks.afterStep(io.cucumber.java.Scenario)"}}],"keyword":"When "},{"result":{"status":"skipped"},"before":[{"result":{"status":"skipped"},"match":{"location":"in.finology.stepDefns.Hooks.beforeStep(io.cucumber.java.Scenario)"}}],"line":24,"name":"User should be redirected to sign up page","match":{"location":"in.finology.stepDefns.SignUp_Steps.user_should_be_redirected_to_sign_up_page()"},"after":[{"result":{"status":"skipped"},"match":{"location":"in.finology.stepDefns.Hooks.afterStep(io.cucumber.java.Scenario)"}}],"keyword":"Then "}],"tags":[{"name":"@login"},{"name":"@unsuccessful_login_with_new_mobile"}]},{"line":5,"name":"","description":"","type":"background","keyword":"Background","steps":[{"result":{"error_message":"io.cucumber.core.exception.CucumberException: Failed to instantiate class in.finology.stepDefns.Login_Steps\r\n\tat io.cucumber.core.backend.DefaultObjectFactory.cacheNewInstance(DefaultObjectFactory.java:67)\r\n\tat io.cucumber.core.backend.DefaultObjectFactory.getInstance(DefaultObjectFactory.java:45)\r\n\tat io.cucumber.java.AbstractGlueDefinition.invokeMethod(AbstractGlueDefinition.java:47)\r\n\tat io.cucumber.java.JavaStepDefinition.execute(JavaStepDefinition.java:29)\r\n\tat io.cucumber.core.runner.CoreStepDefinition.execute(CoreStepDefinition.java:66)\r\n\tat io.cucumber.core.runner.PickleStepDefinitionMatch.runStep(PickleStepDefinitionMatch.java:62)\r\n\tat io.cucumber.core.runner.ExecutionMode$1.execute(ExecutionMode.java:10)\r\n\tat io.cucumber.core.runner.TestStep.executeStep(TestStep.java:81)\r\n\tat io.cucumber.core.runner.TestStep.run(TestStep.java:53)\r\n\tat io.cucumber.core.runner.PickleStepTestStep.run(PickleStepTestStep.java:51)\r\n\tat io.cucumber.core.runner.TestCase.run(TestCase.java:86)\r\n\tat io.cucumber.core.runner.Runner.runPickle(Runner.java:77)\r\n\tat io.cucumber.testng.TestNGCucumberRunner.lambda$runScenario$1(TestNGCucumberRunner.java:135)\r\n\tat io.cucumber.core.runtime.CucumberExecutionContext.lambda$runTestCase$5(CucumberExecutionContext.java:136)\r\n\tat io.cucumber.core.runtime.RethrowingThrowableCollector.executeAndThrow(RethrowingThrowableCollector.java:23)\r\n\tat io.cucumber.core.runtime.CucumberExecutionContext.runTestCase(CucumberExecutionContext.java:136)\r\n\tat io.cucumber.testng.TestNGCucumberRunner.runScenario(TestNGCucumberRunner.java:132)\r\n\tat io.cucumber.testng.AbstractTestNGCucumberTests.runScenario(AbstractTestNGCucumberTests.java:35)\r\n\tat java.base/jdk.internal.reflect.DirectMethodHandleAccessor.invoke(DirectMethodHandleAccessor.java:103)\r\n\tat java.base/java.lang.reflect.Method.invoke(Method.java:580)\r\n\tat org.testng.internal.invokers.MethodInvocationHelper.invokeMethod(MethodInvocationHelper.java:141)\r\n\tat org.testng.internal.invokers.TestInvoker.invokeMethod(TestInvoker.java:687)\r\n\tat org.testng.internal.invokers.TestInvoker.invokeTestMethod(TestInvoker.java:230)\r\n\tat org.testng.internal.invokers.TestMethodWithDataProviderMethodWorker.call(TestMethodWithDataProviderMethodWorker.java:81)\r\n\tat org.testng.internal.thread.Async$AsyncTask.run(Async.java:34)\r\n\tat java.base/java.util.concurrent.ThreadPoolExecutor.runWorker(ThreadPoolExecutor.java:1144)\r\n\tat java.base/java.util.concurrent.ThreadPoolExecutor$Worker.run(ThreadPoolExecutor.java:642)\r\n\tat java.base/java.lang.Thread.run(Thread.java:1583)\r\nCaused by: java.lang.reflect.InvocationTargetException\r\n\tat java.base/jdk.internal.reflect.DirectConstructorHandleAccessor.newInstance(DirectConstructorHandleAccessor.java:72)\r\n\tat java.base/java.lang.reflect.Constructor.newInstanceWithCaller(Constructor.java:502)\r\n\tat java.base/java.lang.reflect.Constructor.newInstance(Constructor.java:486)\r\n\tat io.cucumber.core.backend.DefaultObjectFactory.cacheNewInstance(DefaultObjectFactory.java:53)\r\n\t... 27 more\r\nCaused by: java.lang.NullPointerException: Cannot invoke \"in.finology.utils.ObjectContext.getDriver()\" because the return value of \"in.finology.utils.ContextManager.getContext()\" is null\r\n\tat in.finology.stepDefns.Login_Steps.<init>(Login_Steps.java:23)\r\n\tat java.base/jdk.internal.reflect.DirectConstructorHandleAccessor.newInstance(DirectConstructorHandleAccessor.java:62)\r\n\t... 30 more\r\n","duration":2000300,"status":"failed"},"before":[{"result":{"status":"passed"},"match":{"location":"in.finology.stepDefns.Hooks.beforeStep(io.cucumber.java.Scenario)"}}],"line":6,"name":"User is on new login page","match":{"location":"in.finology.stepDefns.Login_Steps.user_is_on_new_login_page()"},"after":[{"result":{"status":"passed"},"match":{"location":"in.finology.stepDefns.Hooks.afterStep(io.cucumber.java.Scenario)"}}],"keyword":"Given "}]},{"start_timestamp":"2025-05-25T16:46:50.459Z","before":[{"result":{"duration":124765287700,"status":"passed"},"match":{"location":"in.finology.stepDefns.Hooks.beforeScenario()"}}],"line":39,"name":"Successful login with registered mobile number, email and password","description":"","id":";successful-login-with-registered-mobile-number--email-and-password;;2","after":[{"result":{"status":"passed"},"match":{"location":"in.finology.stepDefns.Hooks.afterScenario(io.cucumber.java.Scenario)"}}],"type":"scenario","keyword":"Scenario Outline","steps":[{"result":{"status":"skipped"},"before":[{"result":{"status":"skipped"},"match":{"location":"in.finology.stepDefns.Hooks.beforeStep(io.cucumber.java.Scenario)"}}],"line":28,"name":"User enter \"5846975120\" in mobile number input box","match":{"arguments":[{"val":"\"5846975120\"","offset":11}],"location":"in.finology.stepDefns.Login_Steps.user_enter_in_mobile_number_input_box(java.lang.String)"},"after":[{"result":{"status":"skipped"},"match":{"location":"in.finology.stepDefns.Hooks.afterStep(io.cucumber.java.Scenario)"}}],"keyword":"Given "},{"result":{"status":"skipped"},"before":[{"result":{"status":"skipped"},"match":{"location":"in.finology.stepDefns.Hooks.beforeStep(io.cucumber.java.Scenario)"}}],"line":29,"name":"User clicks Continue button","match":{"location":"in.finology.stepDefns.Login_Steps.user_clicks_continue_button()"},"after":[{"result":{"duration":1000600,"status":"skipped"},"match":{"location":"in.finology.stepDefns.Hooks.afterStep(io.cucumber.java.Scenario)"}}],"keyword":"When "},{"result":{"status":"skipped"},"before":[{"result":{"status":"skipped"},"match":{"location":"in.finology.stepDefns.Hooks.beforeStep(io.cucumber.java.Scenario)"}}],"line":30,"name":"User should be redirected to Login Auth Page","match":{"location":"in.finology.stepDefns.LoginAuth_Steps.user_should_be_redirected_to_login_auth_page()"},"after":[{"result":{"status":"skipped"},"match":{"location":"in.finology.stepDefns.Hooks.afterStep(io.cucumber.java.Scenario)"}}],"keyword":"Then "},{"result":{"status":"skipped"},"before":[{"result":{"duration":1002000,"status":"skipped"},"match":{"location":"in.finology.stepDefns.Hooks.beforeStep(io.cucumber.java.Scenario)"}}],"line":31,"name":"User enter \"5846975120\" in the mobile or email input box and \"finTestUserAcology\" in the password input box","match":{"arguments":[{"val":"\"5846975120\"","offset":11},{"val":"\"finTestUserAcology\"","offset":61}],"location":"in.finology.stepDefns.LoginAuth_Steps.user_enter_in_the_mobile_or_email_input_box_and_in_the_password_input_box(java.lang.String,java.lang.String)"},"after":[{"result":{"status":"skipped"},"match":{"location":"in.finology.stepDefns.Hooks.afterStep(io.cucumber.java.Scenario)"}}],"keyword":"And "},{"result":{"status":"skipped"},"before":[{"result":{"status":"skipped"},"match":{"location":"in.finology.stepDefns.Hooks.beforeStep(io.cucumber.java.Scenario)"}}],"line":32,"name":"User clicks login button","match":{"location":"in.finology.stepDefns.LoginAuth_Steps.user_clicks_login_button()"},"after":[{"result":{"status":"skipped"},"match":{"location":"in.finology.stepDefns.Hooks.afterStep(io.cucumber.java.Scenario)"}}],"keyword":"And "},{"result":{"status":"skipped"},"before":[{"result":{"status":"skipped"},"match":{"location":"in.finology.stepDefns.Hooks.beforeStep(io.cucumber.java.Scenario)"}}],"line":33,"name":"User should be redirected to account dashboard page","match":{"location":"in.finology.stepDefns.AccountDashboard_Steps.user_should_be_redirected_to_account_dashboard_page()"},"after":[{"result":{"status":"skipped"},"match":{"location":"in.finology.stepDefns.Hooks.afterStep(io.cucumber.java.Scenario)"}}],"keyword":"And "},{"result":{"status":"skipped"},"before":[{"result":{"duration":984300,"status":"skipped"},"match":{"location":"in.finology.stepDefns.Hooks.beforeStep(io.cucumber.java.Scenario)"}}],"line":34,"name":"User should perform logout from account dashboard page","match":{"location":"in.finology.stepDefns.AccountDashboard_Steps.user_should_perform_logout_from_account_dashboard_page()"},"after":[{"result":{"status":"skipped"},"match":{"location":"in.finology.stepDefns.Hooks.afterStep(io.cucumber.java.Scenario)"}}],"keyword":"And "}],"tags":[{"name":"@login"},{"name":"@successful_login"}]},{"line":5,"name":"","description":"","type":"background","keyword":"Background","steps":[{"result":{"duration":19630268500,"status":"passed"},"before":[{"result":{"duration":16210700,"status":"passed"},"match":{"location":"in.finology.stepDefns.Hooks.beforeStep(io.cucumber.java.Scenario)"}}],"line":6,"name":"User is on new login page","match":{"location":"in.finology.stepDefns.Login_Steps.user_is_on_new_login_page()"},"after":[{"result":{"duration":998800,"status":"passed"},"match":{"location":"in.finology.stepDefns.Hooks.afterStep(io.cucumber.java.Scenario)"}}],"keyword":"Given "}]},{"start_timestamp":"2025-05-25T16:46:50.470Z","before":[{"result":{"duration":101920869100,"status":"passed"},"match":{"location":"in.finology.stepDefns.Hooks.beforeScenario()"}}],"line":40,"name":"Successful login with registered mobile number, email and password","description":"","id":";successful-login-with-registered-mobile-number--email-and-password;;3","after":[{"result":{"duration":39006642100,"status":"passed"},"match":{"location":"in.finology.stepDefns.Hooks.afterScenario(io.cucumber.java.Scenario)"}}],"type":"scenario","keyword":"Scenario Outline","steps":[{"result":{"error_message":"java.lang.AssertionError: User is unable to enter mobile number for login expected [true] but found [false]\r\n\tat org.testng.Assert.fail(Assert.java:111)\r\n\tat org.testng.Assert.failNotEquals(Assert.java:1590)\r\n\tat org.testng.Assert.assertTrue(Assert.java:57)\r\n\tat in.finology.stepDefns.Login_Steps.user_enter_in_mobile_number_input_box(Login_Steps.java:54)\r\n\tat âœ½.User enter \"5846975120\" in mobile number input box(file:///D:/Selenium%20Projects/build%20out/Finology/src/test/resources/features/login.feature:28)\r\n","duration":917474400,"status":"failed"},"before":[{"result":{"duration":1013600,"status":"passed"},"match":{"location":"in.finology.stepDefns.Hooks.beforeStep(io.cucumber.java.Scenario)"}}],"line":28,"name":"User enter \"5846975120\" in mobile number input box","match":{"arguments":[{"val":"\"5846975120\"","offset":11}],"location":"in.finology.stepDefns.Login_Steps.user_enter_in_mobile_number_input_box(java.lang.String)"},"after":[{"result":{"status":"passed"},"match":{"location":"in.finology.stepDefns.Hooks.afterStep(io.cucumber.java.Scenario)"}}],"keyword":"Given "},{"result":{"status":"skipped"},"before":[{"result":{"status":"skipped"},"match":{"location":"in.finology.stepDefns.Hooks.beforeStep(io.cucumber.java.Scenario)"}}],"line":29,"name":"User clicks Continue button","match":{"location":"in.finology.stepDefns.Login_Steps.user_clicks_continue_button()"},"after":[{"result":{"status":"skipped"},"match":{"location":"in.finology.stepDefns.Hooks.afterStep(io.cucumber.java.Scenario)"}}],"keyword":"When "},{"result":{"status":"skipped"},"before":[{"result":{"status":"skipped"},"match":{"location":"in.finology.stepDefns.Hooks.beforeStep(io.cucumber.java.Scenario)"}}],"line":30,"name":"User should be redirected to Login Auth Page","match":{"location":"in.finology.stepDefns.LoginAuth_Steps.user_should_be_redirected_to_login_auth_page()"},"after":[{"result":{"status":"skipped"},"match":{"location":"in.finology.stepDefns.Hooks.afterStep(io.cucumber.java.Scenario)"}}],"keyword":"Then "},{"result":{"status":"skipped"},"before":[{"result":{"duration":14643100,"status":"skipped"},"match":{"location":"in.finology.stepDefns.Hooks.beforeStep(io.cucumber.java.Scenario)"}}],"line":31,"name":"User enter \"testuserac121@gmail.com\" in the mobile or email input box and \"finTestUserAcology\" in the password input box","match":{"arguments":[{"val":"\"testuserac121@gmail.com\"","offset":11},{"val":"\"finTestUserAcology\"","offset":74}],"location":"in.finology.stepDefns.LoginAuth_Steps.user_enter_in_the_mobile_or_email_input_box_and_in_the_password_input_box(java.lang.String,java.lang.String)"},"after":[{"result":{"status":"skipped"},"match":{"location":"in.finology.stepDefns.Hooks.afterStep(io.cucumber.java.Scenario)"}}],"keyword":"And "},{"result":{"status":"skipped"},"before":[{"result":{"status":"skipped"},"match":{"location":"in.finology.stepDefns.Hooks.beforeStep(io.cucumber.java.Scenario)"}}],"line":32,"name":"User clicks login button","match":{"location":"in.finology.stepDefns.LoginAuth_Steps.user_clicks_login_button()"},"after":[{"result":{"status":"skipped"},"match":{"location":"in.finology.stepDefns.Hooks.afterStep(io.cucumber.java.Scenario)"}}],"keyword":"And "},{"result":{"status":"skipped"},"before":[{"result":{"duration":17515900,"status":"skipped"},"match":{"location":"in.finology.stepDefns.Hooks.beforeStep(io.cucumber.java.Scenario)"}}],"line":33,"name":"User should be redirected to account dashboard page","match":{"location":"in.finology.stepDefns.AccountDashboard_Steps.user_should_be_redirected_to_account_dashboard_page()"},"after":[{"result":{"status":"skipped"},"match":{"location":"in.finology.stepDefns.Hooks.afterStep(io.cucumber.java.Scenario)"}}],"keyword":"And "},{"result":{"status":"skipped"},"before":[{"result":{"status":"skipped"},"match":{"location":"in.finology.stepDefns.Hooks.beforeStep(io.cucumber.java.Scenario)"}}],"line":34,"name":"User should perform logout from account dashboard page","match":{"location":"in.finology.stepDefns.AccountDashboard_Steps.user_should_perform_logout_from_account_dashboard_page()"},"after":[{"result":{"status":"skipped"},"match":{"location":"in.finology.stepDefns.Hooks.afterStep(io.cucumber.java.Scenario)"}}],"keyword":"And "}],"tags":[{"name":"@login"},{"name":"@successful_login"}]},{"line":5,"name":"","description":"","type":"background","keyword":"Background","steps":[{"result":{"duration":11379684200,"status":"passed"},"before":[{"result":{"duration":5162200,"status":"passed"},"match":{"location":"in.finology.stepDefns.Hooks.beforeStep(io.cucumber.java.Scenario)"}}],"line":6,"name":"User is on new login page","match":{"location":"in.finology.stepDefns.Login_Steps.user_is_on_new_login_page()"},"after":[{"result":{"duration":1001700,"status":"passed"},"match":{"location":"in.finology.stepDefns.Hooks.afterStep(io.cucumber.java.Scenario)"}}],"keyword":"Given "}]},{"start_timestamp":"2025-05-25T16:46:50.468Z","before":[{"result":{"duration":116926728200,"status":"passed"},"match":{"location":"in.finology.stepDefns.Hooks.beforeScenario()"}}],"line":55,"name":"Successful login with registered mobile number, email and password by clicking Login with Email button","description":"","id":";successful-login-with-registered-mobile-number--email-and-password-by-clicking-login-with-email-button;;2","after":[{"result":{"duration":34159255000,"status":"passed"},"match":{"location":"in.finology.stepDefns.Hooks.afterScenario(io.cucumber.java.Scenario)"}}],"type":"scenario","keyword":"Scenario Outline","steps":[{"result":{"error_message":"java.lang.AssertionError: User is not on login page expected [true] but found [false]\r\n\tat org.testng.Assert.fail(Assert.java:111)\r\n\tat org.testng.Assert.failNotEquals(Assert.java:1590)\r\n\tat org.testng.Assert.assertTrue(Assert.java:57)\r\n\tat in.finology.stepDefns.Login_Steps.user_should_be_on_login_page(Login_Steps.java:38)\r\n\tat âœ½.User should be on login page(file:///D:/Selenium%20Projects/build%20out/Finology/src/test/resources/features/login.feature:44)\r\n","duration":11763057500,"status":"failed"},"before":[{"result":{"status":"passed"},"match":{"location":"in.finology.stepDefns.Hooks.beforeStep(io.cucumber.java.Scenario)"}}],"line":44,"name":"User should be on login page","match":{"location":"in.finology.stepDefns.Login_Steps.user_should_be_on_login_page()"},"after":[{"result":{"duration":2011300,"status":"passed"},"match":{"location":"in.finology.stepDefns.Hooks.afterStep(io.cucumber.java.Scenario)"}}],"keyword":"Given "},{"result":{"status":"skipped"},"before":[{"result":{"status":"skipped"},"match":{"location":"in.finology.stepDefns.Hooks.beforeStep(io.cucumber.java.Scenario)"}}],"line":45,"name":"User clicks Login with Email button","match":{"location":"in.finology.stepDefns.Login_Steps.user_clicks_login_with_email_button()"},"after":[{"result":{"status":"skipped"},"match":{"location":"in.finology.stepDefns.Hooks.afterStep(io.cucumber.java.Scenario)"}}],"keyword":"When "},{"result":{"status":"skipped"},"before":[{"result":{"status":"skipped"},"match":{"location":"in.finology.stepDefns.Hooks.beforeStep(io.cucumber.java.Scenario)"}}],"line":46,"name":"User should be redirected to Login Auth Page","match":{"location":"in.finology.stepDefns.LoginAuth_Steps.user_should_be_redirected_to_login_auth_page()"},"after":[{"result":{"status":"skipped"},"match":{"location":"in.finology.stepDefns.Hooks.afterStep(io.cucumber.java.Scenario)"}}],"keyword":"Then "},{"result":{"status":"skipped"},"before":[{"result":{"status":"skipped"},"match":{"location":"in.finology.stepDefns.Hooks.beforeStep(io.cucumber.java.Scenario)"}}],"line":47,"name":"User enter \"5846975120\" in the mobile or email input box and \"finTestUserAcology\" in the password input box","match":{"arguments":[{"val":"\"5846975120\"","offset":11},{"val":"\"finTestUserAcology\"","offset":61}],"location":"in.finology.stepDefns.LoginAuth_Steps.user_enter_in_the_mobile_or_email_input_box_and_in_the_password_input_box(java.lang.String,java.lang.String)"},"after":[{"result":{"status":"skipped"},"match":{"location":"in.finology.stepDefns.Hooks.afterStep(io.cucumber.java.Scenario)"}}],"keyword":"And "},{"result":{"status":"skipped"},"before":[{"result":{"status":"skipped"},"match":{"location":"in.finology.stepDefns.Hooks.beforeStep(io.cucumber.java.Scenario)"}}],"line":48,"name":"User clicks login button","match":{"location":"in.finology.stepDefns.LoginAuth_Steps.user_clicks_login_button()"},"after":[{"result":{"duration":2010200,"status":"skipped"},"match":{"location":"in.finology.stepDefns.Hooks.afterStep(io.cucumber.java.Scenario)"}}],"keyword":"And "},{"result":{"status":"skipped"},"before":[{"result":{"status":"skipped"},"match":{"location":"in.finology.stepDefns.Hooks.beforeStep(io.cucumber.java.Scenario)"}}],"line":49,"name":"User should be redirected to account dashboard page","match":{"location":"in.finology.stepDefns.AccountDashboard_Steps.user_should_be_redirected_to_account_dashboard_page()"},"after":[{"result":{"status":"skipped"},"match":{"location":"in.finology.stepDefns.Hooks.afterStep(io.cucumber.java.Scenario)"}}],"keyword":"And "},{"result":{"status":"skipped"},"before":[{"result":{"status":"skipped"},"match":{"location":"in.finology.stepDefns.Hooks.beforeStep(io.cucumber.java.Scenario)"}}],"line":50,"name":"User should perform logout from account dashboard page","match":{"location":"in.finology.stepDefns.AccountDashboard_Steps.user_should_perform_logout_from_account_dashboard_page()"},"after":[{"result":{"status":"skipped"},"match":{"location":"in.finology.stepDefns.Hooks.afterStep(io.cucumber.java.Scenario)"}}],"keyword":"And "}],"tags":[{"name":"@login"},{"name":"@successful_login2"}]},{"line":5,"name":"","description":"","type":"background","keyword":"Background","steps":[{"result":{"duration":29299934500,"status":"passed"},"before":[{"result":{"duration":24811100,"status":"passed"},"match":{"location":"in.finology.stepDefns.Hooks.beforeStep(io.cucumber.java.Scenario)"}}],"line":6,"name":"User is on new login page","match":{"location":"in.finology.stepDefns.Login_Steps.user_is_on_new_login_page()"},"after":[{"result":{"duration":149119300,"status":"passed"},"match":{"location":"in.finology.stepDefns.Hooks.afterStep(io.cucumber.java.Scenario)"}}],"keyword":"Given "}]},{"start_timestamp":"2025-05-25T16:48:55.374Z","before":[{"result":{"duration":36371523300,"status":"passed"},"match":{"location":"in.finology.stepDefns.Hooks.beforeScenario()"}}],"line":56,"name":"Successful login with registered mobile number, email and password by clicking Login with Email button","description":"","id":";successful-login-with-registered-mobile-number--email-and-password-by-clicking-login-with-email-button;;3","after":[{"result":{"duration":37093732300,"status":"passed"},"match":{"location":"in.finology.stepDefns.Hooks.afterScenario(io.cucumber.java.Scenario)"}}],"type":"scenario","keyword":"Scenario Outline","steps":[{"result":{"error_message":"java.lang.AssertionError: User is not on login page expected [true] but found [false]\r\n\tat org.testng.Assert.fail(Assert.java:111)\r\n\tat org.testng.Assert.failNotEquals(Assert.java:1590)\r\n\tat org.testng.Assert.assertTrue(Assert.java:57)\r\n\tat in.finology.stepDefns.Login_Steps.user_should_be_on_login_page(Login_Steps.java:38)\r\n\tat âœ½.User should be on login page(file:///D:/Selenium%20Projects/build%20out/Finology/src/test/resources/features/login.feature:44)\r\n","duration":15998419900,"status":"failed"},"before":[{"result":{"duration":111605800,"status":"passed"},"match":{"location":"in.finology.stepDefns.Hooks.beforeStep(io.cucumber.java.Scenario)"}}],"line":44,"name":"User should be on login page","match":{"location":"in.finology.stepDefns.Login_Steps.user_should_be_on_login_page()"},"after":[{"result":{"status":"passed"},"match":{"location":"in.finology.stepDefns.Hooks.afterStep(io.cucumber.java.Scenario)"}}],"keyword":"Given "},{"result":{"status":"skipped"},"before":[{"result":{"duration":2015100,"status":"skipped"},"match":{"location":"in.finology.stepDefns.Hooks.beforeStep(io.cucumber.java.Scenario)"}}],"line":45,"name":"User clicks Login with Email button","match":{"location":"in.finology.stepDefns.Login_Steps.user_clicks_login_with_email_button()"},"after":[{"result":{"status":"skipped"},"match":{"location":"in.finology.stepDefns.Hooks.afterStep(io.cucumber.java.Scenario)"}}],"keyword":"When "},{"result":{"status":"skipped"},"before":[{"result":{"status":"skipped"},"match":{"location":"in.finology.stepDefns.Hooks.beforeStep(io.cucumber.java.Scenario)"}}],"line":46,"name":"User should be redirected to Login Auth Page","match":{"location":"in.finology.stepDefns.LoginAuth_Steps.user_should_be_redirected_to_login_auth_page()"},"after":[{"result":{"status":"skipped"},"match":{"location":"in.finology.stepDefns.Hooks.afterStep(io.cucumber.java.Scenario)"}}],"keyword":"Then "},{"result":{"duration":2090300,"status":"skipped"},"before":[{"result":{"duration":3829300,"status":"skipped"},"match":{"location":"in.finology.stepDefns.Hooks.beforeStep(io.cucumber.java.Scenario)"}}],"line":47,"name":"User enter \"testuserac121@gmail.com\" in the mobile or email input box and \"finTestUserAcology\" in the password input box","match":{"arguments":[{"val":"\"testuserac121@gmail.com\"","offset":11},{"val":"\"finTestUserAcology\"","offset":74}],"location":"in.finology.stepDefns.LoginAuth_Steps.user_enter_in_the_mobile_or_email_input_box_and_in_the_password_input_box(java.lang.String,java.lang.String)"},"after":[{"result":{"status":"skipped"},"match":{"location":"in.finology.stepDefns.Hooks.afterStep(io.cucumber.java.Scenario)"}}],"keyword":"And "},{"result":{"status":"skipped"},"before":[{"result":{"status":"skipped"},"match":{"location":"in.finology.stepDefns.Hooks.beforeStep(io.cucumber.java.Scenario)"}}],"line":48,"name":"User clicks login button","match":{"location":"in.finology.stepDefns.LoginAuth_Steps.user_clicks_login_button()"},"after":[{"result":{"status":"skipped"},"match":{"location":"in.finology.stepDefns.Hooks.afterStep(io.cucumber.java.Scenario)"}}],"keyword":"And "},{"result":{"status":"skipped"},"before":[{"result":{"duration":38438700,"status":"skipped"},"match":{"location":"in.finology.stepDefns.Hooks.beforeStep(io.cucumber.java.Scenario)"}}],"line":49,"name":"User should be redirected to account dashboard page","match":{"location":"in.finology.stepDefns.AccountDashboard_Steps.user_should_be_redirected_to_account_dashboard_page()"},"after":[{"result":{"status":"skipped"},"match":{"location":"in.finology.stepDefns.Hooks.afterStep(io.cucumber.java.Scenario)"}}],"keyword":"And "},{"result":{"status":"skipped"},"before":[{"result":{"status":"skipped"},"match":{"location":"in.finology.stepDefns.Hooks.beforeStep(io.cucumber.java.Scenario)"}}],"line":50,"name":"User should perform logout from account dashboard page","match":{"location":"in.finology.stepDefns.AccountDashboard_Steps.user_should_perform_logout_from_account_dashboard_page()"},"after":[{"result":{"duration":46049600,"status":"skipped"},"match":{"location":"in.finology.stepDefns.Hooks.afterStep(io.cucumber.java.Scenario)"}}],"keyword":"And "}],"tags":[{"name":"@login"},{"name":"@successful_login2"}]}],"name":"","description":"  Login Functionality","id":"","keyword":"Feature","uri":"file:src/test/resources/features/login.feature","tags":[{"name":"@login","type":"Tag","location":{"line":1,"column":1}}]},{"line":2,"elements":[{"line":5,"name":"","description":"","type":"background","keyword":"Background","steps":[{"result":{"error_message":"io.cucumber.core.exception.CucumberException: Failed to instantiate class in.finology.stepDefns.SignUp_Steps\r\n\tat io.cucumber.core.backend.DefaultObjectFactory.cacheNewInstance(DefaultObjectFactory.java:67)\r\n\tat io.cucumber.core.backend.DefaultObjectFactory.getInstance(DefaultObjectFactory.java:45)\r\n\tat io.cucumber.java.AbstractGlueDefinition.invokeMethod(AbstractGlueDefinition.java:47)\r\n\tat io.cucumber.java.JavaStepDefinition.execute(JavaStepDefinition.java:29)\r\n\tat io.cucumber.core.runner.CoreStepDefinition.execute(CoreStepDefinition.java:66)\r\n\tat io.cucumber.core.runner.PickleStepDefinitionMatch.runStep(PickleStepDefinitionMatch.java:62)\r\n\tat io.cucumber.core.runner.ExecutionMode$1.execute(ExecutionMode.java:10)\r\n\tat io.cucumber.core.runner.TestStep.executeStep(TestStep.java:81)\r\n\tat io.cucumber.core.runner.TestStep.run(TestStep.java:53)\r\n\tat io.cucumber.core.runner.PickleStepTestStep.run(PickleStepTestStep.java:51)\r\n\tat io.cucumber.core.runner.TestCase.run(TestCase.java:86)\r\n\tat io.cucumber.core.runner.Runner.runPickle(Runner.java:77)\r\n\tat io.cucumber.testng.TestNGCucumberRunner.lambda$runScenario$1(TestNGCucumberRunner.java:135)\r\n\tat io.cucumber.core.runtime.CucumberExecutionContext.lambda$runTestCase$5(CucumberExecutionContext.java:136)\r\n\tat io.cucumber.core.runtime.RethrowingThrowableCollector.executeAndThrow(RethrowingThrowableCollector.java:23)\r\n\tat io.cucumber.core.runtime.CucumberExecutionContext.runTestCase(CucumberExecutionContext.java:136)\r\n\tat io.cucumber.testng.TestNGCucumberRunner.runScenario(TestNGCucumberRunner.java:132)\r\n\tat io.cucumber.testng.AbstractTestNGCucumberTests.runScenario(AbstractTestNGCucumberTests.java:35)\r\n\tat java.base/jdk.internal.reflect.DirectMethodHandleAccessor.invoke(DirectMethodHandleAccessor.java:103)\r\n\tat java.base/java.lang.reflect.Method.invoke(Method.java:580)\r\n\tat org.testng.internal.invokers.MethodInvocationHelper.invokeMethod(MethodInvocationHelper.java:141)\r\n\tat org.testng.internal.invokers.TestInvoker.invokeMethod(TestInvoker.java:687)\r\n\tat org.testng.internal.invokers.TestInvoker.invokeTestMethod(TestInvoker.java:230)\r\n\tat org.testng.internal.invokers.TestMethodWithDataProviderMethodWorker.call(TestMethodWithDataProviderMethodWorker.java:81)\r\n\tat org.testng.internal.thread.Async$AsyncTask.run(Async.java:34)\r\n\tat java.base/java.util.concurrent.ThreadPoolExecutor.runWorker(ThreadPoolExecutor.java:1144)\r\n\tat java.base/java.util.concurrent.ThreadPoolExecutor$Worker.run(ThreadPoolExecutor.java:642)\r\n\tat java.base/java.lang.Thread.run(Thread.java:1583)\r\nCaused by: java.lang.reflect.InvocationTargetException\r\n\tat java.base/jdk.internal.reflect.DirectConstructorHandleAccessor.newInstance(DirectConstructorHandleAccessor.java:72)\r\n\tat java.base/java.lang.reflect.Constructor.newInstanceWithCaller(Constructor.java:502)\r\n\tat java.base/java.lang.reflect.Constructor.newInstance(Constructor.java:486)\r\n\tat io.cucumber.core.backend.DefaultObjectFactory.cacheNewInstance(DefaultObjectFactory.java:53)\r\n\t... 27 more\r\nCaused by: java.lang.NullPointerException: Cannot invoke \"in.finology.utils.ObjectContext.getDriver()\" because the return value of \"in.finology.utils.ContextManager.getContext()\" is null\r\n\tat in.finology.stepDefns.SignUp_Steps.<init>(SignUp_Steps.java:23)\r\n\tat java.base/jdk.internal.reflect.DirectConstructorHandleAccessor.newInstance(DirectConstructorHandleAccessor.java:62)\r\n\t... 30 more\r\n","duration":979800,"status":"failed"},"before":[{"result":{"status":"passed"},"match":{"location":"in.finology.stepDefns.Hooks.beforeStep(io.cucumber.java.Scenario)"}}],"line":6,"name":"User is on new sign up page","match":{"location":"in.finology.stepDefns.SignUp_Steps.user_is_on_new_sign_up_page()"},"after":[{"result":{"duration":2030200,"status":"passed"},"match":{"location":"in.finology.stepDefns.Hooks.afterStep(io.cucumber.java.Scenario)"}}],"keyword":"Given "}]},{"start_timestamp":"2025-05-25T16:49:08.336Z","before":[{"result":{"duration":70855889500,"status":"passed"},"match":{"location":"in.finology.stepDefns.Hooks.beforeScenario()"}}],"line":17,"name":"Unsuccessful sign up with invalid name, valid email id and valid mobile number","description":"","id":";unsuccessful-sign-up-with-invalid-name--valid-email-id-and-valid-mobile-number;;2","after":[{"result":{"duration":30506400,"status":"passed"},"match":{"location":"in.finology.stepDefns.Hooks.afterScenario(io.cucumber.java.Scenario)"}}],"type":"scenario","keyword":"Scenario Outline","steps":[{"result":{"status":"skipped"},"before":[{"result":{"duration":14624400,"status":"skipped"},"match":{"location":"in.finology.stepDefns.Hooks.beforeStep(io.cucumber.java.Scenario)"}}],"line":10,"name":"User enters \"@Lakesh Sahu\", \"randomNewEmail2423@gmail.com\" and \"9868546793\"","match":{"arguments":[{"val":"\"@Lakesh Sahu\"","offset":12},{"val":"\"randomNewEmail2423@gmail.com\"","offset":28},{"val":"\"9868546793\"","offset":63}],"location":"in.finology.stepDefns.SignUp_Steps.user_enters_and(java.lang.String,java.lang.String,java.lang.String)"},"after":[{"result":{"status":"skipped"},"match":{"location":"in.finology.stepDefns.Hooks.afterStep(io.cucumber.java.Scenario)"}}],"keyword":"Given "},{"result":{"status":"skipped"},"before":[{"result":{"status":"skipped"},"match":{"location":"in.finology.stepDefns.Hooks.beforeStep(io.cucumber.java.Scenario)"}}],"line":11,"name":"User clicks sign up button","match":{"location":"in.finology.stepDefns.SignUp_Steps.user_clicks_sign_up_button()"},"after":[{"result":{"duration":6817200,"status":"skipped"},"match":{"location":"in.finology.stepDefns.Hooks.afterStep(io.cucumber.java.Scenario)"}}],"keyword":"When "},{"result":{"status":"skipped"},"before":[{"result":{"duration":1485700,"status":"skipped"},"match":{"location":"in.finology.stepDefns.Hooks.beforeStep(io.cucumber.java.Scenario)"}}],"line":12,"name":"Invalid name Error \"Your name can contain only alphabets.\" should be shown below name input box","match":{"arguments":[{"val":"\"Your name can contain only alphabets.\"","offset":19}],"location":"in.finology.stepDefns.SignUp_Steps.invalid_name_error_should_be_shown_below_name_input_box(java.lang.String)"},"after":[{"result":{"duration":14520400,"status":"skipped"},"match":{"location":"in.finology.stepDefns.Hooks.afterStep(io.cucumber.java.Scenario)"}}],"keyword":"Then "},{"result":{"status":"skipped"},"before":[{"result":{"status":"skipped"},"match":{"location":"in.finology.stepDefns.Hooks.beforeStep(io.cucumber.java.Scenario)"}}],"line":13,"name":"User should not be redirected to otp verification page","match":{"location":"in.finology.stepDefns.OTPVerification_Steps.user_should_not_be_redirected_to_otp_verification_page()"},"after":[{"result":{"status":"skipped"},"match":{"location":"in.finology.stepDefns.Hooks.afterStep(io.cucumber.java.Scenario)"}}],"keyword":"And "}],"tags":[{"name":"@Signup"},{"name":"@invalid_name_signup"}]},{"line":5,"name":"","description":"","type":"background","keyword":"Background","steps":[{"result":{"error_message":"io.cucumber.core.exception.CucumberException: Failed to instantiate class in.finology.stepDefns.SignUp_Steps\r\n\tat io.cucumber.core.backend.DefaultObjectFactory.cacheNewInstance(DefaultObjectFactory.java:67)\r\n\tat io.cucumber.core.backend.DefaultObjectFactory.getInstance(DefaultObjectFactory.java:45)\r\n\tat io.cucumber.java.AbstractGlueDefinition.invokeMethod(AbstractGlueDefinition.java:47)\r\n\tat io.cucumber.java.JavaStepDefinition.execute(JavaStepDefinition.java:29)\r\n\tat io.cucumber.core.runner.CoreStepDefinition.execute(CoreStepDefinition.java:66)\r\n\tat io.cucumber.core.runner.PickleStepDefinitionMatch.runStep(PickleStepDefinitionMatch.java:62)\r\n\tat io.cucumber.core.runner.ExecutionMode$1.execute(ExecutionMode.java:10)\r\n\tat io.cucumber.core.runner.TestStep.executeStep(TestStep.java:81)\r\n\tat io.cucumber.core.runner.TestStep.run(TestStep.java:53)\r\n\tat io.cucumber.core.runner.PickleStepTestStep.run(PickleStepTestStep.java:51)\r\n\tat io.cucumber.core.runner.TestCase.run(TestCase.java:86)\r\n\tat io.cucumber.core.runner.Runner.runPickle(Runner.java:77)\r\n\tat io.cucumber.testng.TestNGCucumberRunner.lambda$runScenario$1(TestNGCucumberRunner.java:135)\r\n\tat io.cucumber.core.runtime.CucumberExecutionContext.lambda$runTestCase$5(CucumberExecutionContext.java:136)\r\n\tat io.cucumber.core.runtime.RethrowingThrowableCollector.executeAndThrow(RethrowingThrowableCollector.java:23)\r\n\tat io.cucumber.core.runtime.CucumberExecutionContext.runTestCase(CucumberExecutionContext.java:136)\r\n\tat io.cucumber.testng.TestNGCucumberRunner.runScenario(TestNGCucumberRunner.java:132)\r\n\tat io.cucumber.testng.AbstractTestNGCucumberTests.runScenario(AbstractTestNGCucumberTests.java:35)\r\n\tat java.base/jdk.internal.reflect.DirectMethodHandleAccessor.invoke(DirectMethodHandleAccessor.java:103)\r\n\tat java.base/java.lang.reflect.Method.invoke(Method.java:580)\r\n\tat org.testng.internal.invokers.MethodInvocationHelper.invokeMethod(MethodInvocationHelper.java:141)\r\n\tat org.testng.internal.invokers.TestInvoker.invokeMethod(TestInvoker.java:687)\r\n\tat org.testng.internal.invokers.TestInvoker.invokeTestMethod(TestInvoker.java:230)\r\n\tat org.testng.internal.invokers.TestMethodWithDataProviderMethodWorker.call(TestMethodWithDataProviderMethodWorker.java:81)\r\n\tat org.testng.internal.thread.Async$AsyncTask.run(Async.java:34)\r\n\tat java.base/java.util.concurrent.ThreadPoolExecutor.runWorker(ThreadPoolExecutor.java:1144)\r\n\tat java.base/java.util.concurrent.ThreadPoolExecutor$Worker.run(ThreadPoolExecutor.java:642)\r\n\tat java.base/java.lang.Thread.run(Thread.java:1583)\r\nCaused by: java.lang.reflect.InvocationTargetException\r\n\tat java.base/jdk.internal.reflect.DirectConstructorHandleAccessor.newInstance(DirectConstructorHandleAccessor.java:72)\r\n\tat java.base/java.lang.reflect.Constructor.newInstanceWithCaller(Constructor.java:502)\r\n\tat java.base/java.lang.reflect.Constructor.newInstance(Constructor.java:486)\r\n\tat io.cucumber.core.backend.DefaultObjectFactory.cacheNewInstance(DefaultObjectFactory.java:53)\r\n\t... 27 more\r\nCaused by: java.lang.NullPointerException: Cannot invoke \"in.finology.utils.ObjectContext.getDriver()\" because the return value of \"in.finology.utils.ContextManager.getContext()\" is null\r\n\tat in.finology.stepDefns.SignUp_Steps.<init>(SignUp_Steps.java:23)\r\n\tat java.base/jdk.internal.reflect.DirectConstructorHandleAccessor.newInstance(DirectConstructorHandleAccessor.java:62)\r\n\t... 30 more\r\n","duration":120434300,"status":"failed"},"before":[{"result":{"duration":741100,"status":"passed"},"match":{"location":"in.finology.stepDefns.Hooks.beforeStep(io.cucumber.java.Scenario)"}}],"line":6,"name":"User is on new sign up page","match":{"location":"in.finology.stepDefns.SignUp_Steps.user_is_on_new_sign_up_page()"},"after":[{"result":{"duration":2484100,"status":"passed"},"match":{"location":"in.finology.stepDefns.Hooks.afterStep(io.cucumber.java.Scenario)"}}],"keyword":"Given "}]},{"start_timestamp":"2025-05-25T16:49:08.918Z","before":[{"result":{"duration":99131385400,"status":"passed"},"match":{"location":"in.finology.stepDefns.Hooks.beforeScenario()"}}],"line":18,"name":"Unsuccessful sign up with invalid name, valid email id and valid mobile number","description":"","id":";unsuccessful-sign-up-with-invalid-name--valid-email-id-and-valid-mobile-number;;3","after":[{"result":{"status":"passed"},"match":{"location":"in.finology.stepDefns.Hooks.afterScenario(io.cucumber.java.Scenario)"}}],"type":"scenario","keyword":"Scenario Outline","steps":[{"result":{"status":"skipped"},"before":[{"result":{"status":"skipped"},"match":{"location":"in.finology.stepDefns.Hooks.beforeStep(io.cucumber.java.Scenario)"}}],"line":10,"name":"User enters \"Raj$User12\", \"randomNewEmailMe2123@gmail.com\" and \"1257465983\"","match":{"arguments":[{"val":"\"Raj$User12\"","offset":12},{"val":"\"randomNewEmailMe2123@gmail.com\"","offset":26},{"val":"\"1257465983\"","offset":63}],"location":"in.finology.stepDefns.SignUp_Steps.user_enters_and(java.lang.String,java.lang.String,java.lang.String)"},"after":[{"result":{"duration":677400,"status":"skipped"},"match":{"location":"in.finology.stepDefns.Hooks.afterStep(io.cucumber.java.Scenario)"}}],"keyword":"Given "},{"result":{"duration":9232800,"status":"skipped"},"before":[{"result":{"status":"skipped"},"match":{"location":"in.finology.stepDefns.Hooks.beforeStep(io.cucumber.java.Scenario)"}}],"line":11,"name":"User clicks sign up button","match":{"location":"in.finology.stepDefns.SignUp_Steps.user_clicks_sign_up_button()"},"after":[{"result":{"status":"skipped"},"match":{"location":"in.finology.stepDefns.Hooks.afterStep(io.cucumber.java.Scenario)"}}],"keyword":"When "},{"result":{"duration":607400,"status":"skipped"},"before":[{"result":{"status":"skipped"},"match":{"location":"in.finology.stepDefns.Hooks.beforeStep(io.cucumber.java.Scenario)"}}],"line":12,"name":"Invalid name Error \"Your name can contain only alphabets.\" should be shown below name input box","match":{"arguments":[{"val":"\"Your name can contain only alphabets.\"","offset":19}],"location":"in.finology.stepDefns.SignUp_Steps.invalid_name_error_should_be_shown_below_name_input_box(java.lang.String)"},"after":[{"result":{"status":"skipped"},"match":{"location":"in.finology.stepDefns.Hooks.afterStep(io.cucumber.java.Scenario)"}}],"keyword":"Then "},{"result":{"status":"skipped"},"before":[{"result":{"duration":2012800,"status":"skipped"},"match":{"location":"in.finology.stepDefns.Hooks.beforeStep(io.cucumber.java.Scenario)"}}],"line":13,"name":"User should not be redirected to otp verification page","match":{"location":"in.finology.stepDefns.OTPVerification_Steps.user_should_not_be_redirected_to_otp_verification_page()"},"after":[{"result":{"status":"skipped"},"match":{"location":"in.finology.stepDefns.Hooks.afterStep(io.cucumber.java.Scenario)"}}],"keyword":"And "}],"tags":[{"name":"@Signup"},{"name":"@invalid_name_signup"}]},{"line":5,"name":"","description":"","type":"background","keyword":"Background","steps":[{"result":{"error_message":"io.cucumber.core.exception.CucumberException: Failed to instantiate class in.finology.stepDefns.SignUp_Steps\r\n\tat io.cucumber.core.backend.DefaultObjectFactory.cacheNewInstance(DefaultObjectFactory.java:67)\r\n\tat io.cucumber.core.backend.DefaultObjectFactory.getInstance(DefaultObjectFactory.java:45)\r\n\tat io.cucumber.java.AbstractGlueDefinition.invokeMethod(AbstractGlueDefinition.java:47)\r\n\tat io.cucumber.java.JavaStepDefinition.execute(JavaStepDefinition.java:29)\r\n\tat io.cucumber.core.runner.CoreStepDefinition.execute(CoreStepDefinition.java:66)\r\n\tat io.cucumber.core.runner.PickleStepDefinitionMatch.runStep(PickleStepDefinitionMatch.java:62)\r\n\tat io.cucumber.core.runner.ExecutionMode$1.execute(ExecutionMode.java:10)\r\n\tat io.cucumber.core.runner.TestStep.executeStep(TestStep.java:81)\r\n\tat io.cucumber.core.runner.TestStep.run(TestStep.java:53)\r\n\tat io.cucumber.core.runner.PickleStepTestStep.run(PickleStepTestStep.java:51)\r\n\tat io.cucumber.core.runner.TestCase.run(TestCase.java:86)\r\n\tat io.cucumber.core.runner.Runner.runPickle(Runner.java:77)\r\n\tat io.cucumber.testng.TestNGCucumberRunner.lambda$runScenario$1(TestNGCucumberRunner.java:135)\r\n\tat io.cucumber.core.runtime.CucumberExecutionContext.lambda$runTestCase$5(CucumberExecutionContext.java:136)\r\n\tat io.cucumber.core.runtime.RethrowingThrowableCollector.executeAndThrow(RethrowingThrowableCollector.java:23)\r\n\tat io.cucumber.core.runtime.CucumberExecutionContext.runTestCase(CucumberExecutionContext.java:136)\r\n\tat io.cucumber.testng.TestNGCucumberRunner.runScenario(TestNGCucumberRunner.java:132)\r\n\tat io.cucumber.testng.AbstractTestNGCucumberTests.runScenario(AbstractTestNGCucumberTests.java:35)\r\n\tat java.base/jdk.internal.reflect.DirectMethodHandleAccessor.invoke(DirectMethodHandleAccessor.java:103)\r\n\tat java.base/java.lang.reflect.Method.invoke(Method.java:580)\r\n\tat org.testng.internal.invokers.MethodInvocationHelper.invokeMethod(MethodInvocationHelper.java:141)\r\n\tat org.testng.internal.invokers.TestInvoker.invokeMethod(TestInvoker.java:687)\r\n\tat org.testng.internal.invokers.TestInvoker.invokeTestMethod(TestInvoker.java:230)\r\n\tat org.testng.internal.invokers.TestMethodWithDataProviderMethodWorker.call(TestMethodWithDataProviderMethodWorker.java:81)\r\n\tat org.testng.internal.thread.Async$AsyncTask.run(Async.java:34)\r\n\tat java.base/java.util.concurrent.ThreadPoolExecutor.runWorker(ThreadPoolExecutor.java:1144)\r\n\tat java.base/java.util.concurrent.ThreadPoolExecutor$Worker.run(ThreadPoolExecutor.java:642)\r\n\tat java.base/java.lang.Thread.run(Thread.java:1583)\r\nCaused by: java.lang.reflect.InvocationTargetException\r\n\tat java.base/jdk.internal.reflect.DirectConstructorHandleAccessor.newInstance(DirectConstructorHandleAccessor.java:72)\r\n\tat java.base/java.lang.reflect.Constructor.newInstanceWithCaller(Constructor.java:502)\r\n\tat java.base/java.lang.reflect.Constructor.newInstance(Constructor.java:486)\r\n\tat io.cucumber.core.backend.DefaultObjectFactory.cacheNewInstance(DefaultObjectFactory.java:53)\r\n\t... 27 more\r\nCaused by: java.lang.NullPointerException: Cannot invoke \"in.finology.utils.ObjectContext.getDriver()\" because the return value of \"in.finology.utils.ContextManager.getContext()\" is null\r\n\tat in.finology.stepDefns.SignUp_Steps.<init>(SignUp_Steps.java:23)\r\n\tat java.base/jdk.internal.reflect.DirectConstructorHandleAccessor.newInstance(DirectConstructorHandleAccessor.java:62)\r\n\t... 30 more\r\n","duration":72157000,"status":"failed"},"before":[{"result":{"status":"passed"},"match":{"location":"in.finology.stepDefns.Hooks.beforeStep(io.cucumber.java.Scenario)"}}],"line":6,"name":"User is on new sign up page","match":{"location":"in.finology.stepDefns.SignUp_Steps.user_is_on_new_sign_up_page()"},"after":[{"result":{"status":"passed"},"match":{"location":"in.finology.stepDefns.Hooks.afterStep(io.cucumber.java.Scenario)"}}],"keyword":"Given "}]},{"start_timestamp":"2025-05-25T16:49:12.278Z","before":[{"result":{"duration":75275530500,"status":"passed"},"match":{"location":"in.finology.stepDefns.Hooks.beforeScenario()"}}],"line":29,"name":"Unsuccessful sign up with invalid name, valid email id and valid mobile number","description":"","id":";unsuccessful-sign-up-with-invalid-name--valid-email-id-and-valid-mobile-number;;2","after":[{"result":{"status":"passed"},"match":{"location":"in.finology.stepDefns.Hooks.afterScenario(io.cucumber.java.Scenario)"}}],"type":"scenario","keyword":"Scenario Outline","steps":[{"result":{"status":"skipped"},"before":[{"result":{"duration":2015800,"status":"skipped"},"match":{"location":"in.finology.stepDefns.Hooks.beforeStep(io.cucumber.java.Scenario)"}}],"line":22,"name":"User enters \"\", \"lakeshsahu758@gmail.com\" and \"5784692345\"","match":{"arguments":[{"val":"\"\"","offset":12},{"val":"\"lakeshsahu758@gmail.com\"","offset":16},{"val":"\"5784692345\"","offset":46}],"location":"in.finology.stepDefns.SignUp_Steps.user_enters_and(java.lang.String,java.lang.String,java.lang.String)"},"after":[{"result":{"status":"skipped"},"match":{"location":"in.finology.stepDefns.Hooks.afterStep(io.cucumber.java.Scenario)"}}],"keyword":"Given "},{"result":{"status":"skipped"},"before":[{"result":{"status":"skipped"},"match":{"location":"in.finology.stepDefns.Hooks.beforeStep(io.cucumber.java.Scenario)"}}],"line":23,"name":"User clicks sign up button","match":{"location":"in.finology.stepDefns.SignUp_Steps.user_clicks_sign_up_button()"},"after":[{"result":{"duration":62868800,"status":"skipped"},"match":{"location":"in.finology.stepDefns.Hooks.afterStep(io.cucumber.java.Scenario)"}}],"keyword":"When "},{"result":{"status":"skipped"},"before":[{"result":{"duration":2014600,"status":"skipped"},"match":{"location":"in.finology.stepDefns.Hooks.beforeStep(io.cucumber.java.Scenario)"}}],"line":24,"name":"Empty name Error \"*Required\" should be shown below name input box","match":{"arguments":[{"val":"\"*Required\"","offset":17}],"location":"in.finology.stepDefns.SignUp_Steps.empty_name_error_should_be_shown_below_name_input_box(java.lang.String)"},"after":[{"result":{"status":"skipped"},"match":{"location":"in.finology.stepDefns.Hooks.afterStep(io.cucumber.java.Scenario)"}}],"keyword":"Then "},{"result":{"status":"skipped"},"before":[{"result":{"status":"skipped"},"match":{"location":"in.finology.stepDefns.Hooks.beforeStep(io.cucumber.java.Scenario)"}}],"line":25,"name":"User should not be redirected to otp verification page","match":{"location":"in.finology.stepDefns.OTPVerification_Steps.user_should_not_be_redirected_to_otp_verification_page()"},"after":[{"result":{"status":"skipped"},"match":{"location":"in.finology.stepDefns.Hooks.afterStep(io.cucumber.java.Scenario)"}}],"keyword":"And "}],"tags":[{"name":"@Signup"},{"name":"@invalid_name_signup"}]},{"line":5,"name":"","description":"","type":"background","keyword":"Background","steps":[{"result":{"error_message":"io.cucumber.core.exception.CucumberException: Failed to instantiate class in.finology.stepDefns.SignUp_Steps\r\n\tat io.cucumber.core.backend.DefaultObjectFactory.cacheNewInstance(DefaultObjectFactory.java:67)\r\n\tat io.cucumber.core.backend.DefaultObjectFactory.getInstance(DefaultObjectFactory.java:45)\r\n\tat io.cucumber.java.AbstractGlueDefinition.invokeMethod(AbstractGlueDefinition.java:47)\r\n\tat io.cucumber.java.JavaStepDefinition.execute(JavaStepDefinition.java:29)\r\n\tat io.cucumber.core.runner.CoreStepDefinition.execute(CoreStepDefinition.java:66)\r\n\tat io.cucumber.core.runner.PickleStepDefinitionMatch.runStep(PickleStepDefinitionMatch.java:62)\r\n\tat io.cucumber.core.runner.ExecutionMode$1.execute(ExecutionMode.java:10)\r\n\tat io.cucumber.core.runner.TestStep.executeStep(TestStep.java:81)\r\n\tat io.cucumber.core.runner.TestStep.run(TestStep.java:53)\r\n\tat io.cucumber.core.runner.PickleStepTestStep.run(PickleStepTestStep.java:51)\r\n\tat io.cucumber.core.runner.TestCase.run(TestCase.java:86)\r\n\tat io.cucumber.core.runner.Runner.runPickle(Runner.java:77)\r\n\tat io.cucumber.testng.TestNGCucumberRunner.lambda$runScenario$1(TestNGCucumberRunner.java:135)\r\n\tat io.cucumber.core.runtime.CucumberExecutionContext.lambda$runTestCase$5(CucumberExecutionContext.java:136)\r\n\tat io.cucumber.core.runtime.RethrowingThrowableCollector.executeAndThrow(RethrowingThrowableCollector.java:23)\r\n\tat io.cucumber.core.runtime.CucumberExecutionContext.runTestCase(CucumberExecutionContext.java:136)\r\n\tat io.cucumber.testng.TestNGCucumberRunner.runScenario(TestNGCucumberRunner.java:132)\r\n\tat io.cucumber.testng.AbstractTestNGCucumberTests.runScenario(AbstractTestNGCucumberTests.java:35)\r\n\tat java.base/jdk.internal.reflect.DirectMethodHandleAccessor.invoke(DirectMethodHandleAccessor.java:103)\r\n\tat java.base/java.lang.reflect.Method.invoke(Method.java:580)\r\n\tat org.testng.internal.invokers.MethodInvocationHelper.invokeMethod(MethodInvocationHelper.java:141)\r\n\tat org.testng.internal.invokers.TestInvoker.invokeMethod(TestInvoker.java:687)\r\n\tat org.testng.internal.invokers.TestInvoker.invokeTestMethod(TestInvoker.java:230)\r\n\tat org.testng.internal.invokers.TestMethodWithDataProviderMethodWorker.call(TestMethodWithDataProviderMethodWorker.java:81)\r\n\tat org.testng.internal.thread.Async$AsyncTask.run(Async.java:34)\r\n\tat java.base/java.util.concurrent.ThreadPoolExecutor.runWorker(ThreadPoolExecutor.java:1144)\r\n\tat java.base/java.util.concurrent.ThreadPoolExecutor$Worker.run(ThreadPoolExecutor.java:642)\r\n\tat java.base/java.lang.Thread.run(Thread.java:1583)\r\nCaused by: java.lang.reflect.InvocationTargetException\r\n\tat java.base/jdk.internal.reflect.DirectConstructorHandleAccessor.newInstance(DirectConstructorHandleAccessor.java:72)\r\n\tat java.base/java.lang.reflect.Constructor.newInstanceWithCaller(Constructor.java:502)\r\n\tat java.base/java.lang.reflect.Constructor.newInstance(Constructor.java:486)\r\n\tat io.cucumber.core.backend.DefaultObjectFactory.cacheNewInstance(DefaultObjectFactory.java:53)\r\n\t... 27 more\r\nCaused by: java.lang.NullPointerException: Cannot invoke \"in.finology.utils.ObjectContext.getDriver()\" because the return value of \"in.finology.utils.ContextManager.getContext()\" is null\r\n\tat in.finology.stepDefns.SignUp_Steps.<init>(SignUp_Steps.java:23)\r\n\tat java.base/jdk.internal.reflect.DirectConstructorHandleAccessor.newInstance(DirectConstructorHandleAccessor.java:62)\r\n\t... 30 more\r\n","duration":2012700,"status":"failed"},"before":[{"result":{"status":"passed"},"match":{"location":"in.finology.stepDefns.Hooks.beforeStep(io.cucumber.java.Scenario)"}}],"line":6,"name":"User is on new sign up page","match":{"location":"in.finology.stepDefns.SignUp_Steps.user_is_on_new_sign_up_page()"},"after":[{"result":{"duration":109070600,"status":"passed"},"match":{"location":"in.finology.stepDefns.Hooks.afterStep(io.cucumber.java.Scenario)"}}],"keyword":"Given "}]},{"start_timestamp":"2025-05-25T16:49:12.359Z","before":[{"result":{"duration":115387955800,"status":"passed"},"match":{"location":"in.finology.stepDefns.Hooks.beforeScenario()"}}],"line":40,"name":"Unsuccessful sign up with valid name, invalid email id and valid mobile number","description":"","id":";unsuccessful-sign-up-with-valid-name--invalid-email-id-and-valid-mobile-number;;2","after":[{"result":{"duration":20890700,"status":"passed"},"match":{"location":"in.finology.stepDefns.Hooks.afterScenario(io.cucumber.java.Scenario)"}}],"type":"scenario","keyword":"Scenario Outline","steps":[{"result":{"status":"skipped"},"before":[{"result":{"duration":2014800,"status":"skipped"},"match":{"location":"in.finology.stepDefns.Hooks.beforeStep(io.cucumber.java.Scenario)"}}],"line":33,"name":"User enters \"Rita\", \"rita2056gmail.com\" and \"9868546756\"","match":{"arguments":[{"val":"\"Rita\"","offset":12},{"val":"\"rita2056gmail.com\"","offset":20},{"val":"\"9868546756\"","offset":44}],"location":"in.finology.stepDefns.SignUp_Steps.user_enters_and(java.lang.String,java.lang.String,java.lang.String)"},"after":[{"result":{"status":"skipped"},"match":{"location":"in.finology.stepDefns.Hooks.afterStep(io.cucumber.java.Scenario)"}}],"keyword":"Given "},{"result":{"duration":1483300,"status":"skipped"},"before":[{"result":{"status":"skipped"},"match":{"location":"in.finology.stepDefns.Hooks.beforeStep(io.cucumber.java.Scenario)"}}],"line":34,"name":"User clicks sign up button","match":{"location":"in.finology.stepDefns.SignUp_Steps.user_clicks_sign_up_button()"},"after":[{"result":{"status":"skipped"},"match":{"location":"in.finology.stepDefns.Hooks.afterStep(io.cucumber.java.Scenario)"}}],"keyword":"When "},{"result":{"status":"skipped"},"before":[{"result":{"status":"skipped"},"match":{"location":"in.finology.stepDefns.Hooks.beforeStep(io.cucumber.java.Scenario)"}}],"line":35,"name":"Error \"Invalid Email\" or \"Please enter a valid email address.\" should be shown below email input box","match":{"arguments":[{"val":"\"Invalid Email\"","offset":6},{"val":"\"Please enter a valid email address.\"","offset":25}],"location":"in.finology.stepDefns.SignUp_Steps.error_should_be_shown_below_email_input_box(java.lang.String,java.lang.String)"},"after":[{"result":{"status":"skipped"},"match":{"location":"in.finology.stepDefns.Hooks.afterStep(io.cucumber.java.Scenario)"}}],"keyword":"Then "},{"result":{"status":"skipped"},"before":[{"result":{"status":"skipped"},"match":{"location":"in.finology.stepDefns.Hooks.beforeStep(io.cucumber.java.Scenario)"}}],"line":36,"name":"User should not be redirected to otp verification page","match":{"location":"in.finology.stepDefns.OTPVerification_Steps.user_should_not_be_redirected_to_otp_verification_page()"},"after":[{"result":{"duration":621900,"status":"skipped"},"match":{"location":"in.finology.stepDefns.Hooks.afterStep(io.cucumber.java.Scenario)"}}],"keyword":"And "}],"tags":[{"name":"@Signup"},{"name":"@invalid_email_signup"}]},{"line":5,"name":"","description":"","type":"background","keyword":"Background","steps":[{"result":{"duration":32550200400,"status":"passed"},"before":[{"result":{"duration":2090900,"status":"passed"},"match":{"location":"in.finology.stepDefns.Hooks.beforeStep(io.cucumber.java.Scenario)"}}],"line":6,"name":"User is on new sign up page","match":{"location":"in.finology.stepDefns.SignUp_Steps.user_is_on_new_sign_up_page()"},"after":[{"result":{"duration":1478700,"status":"passed"},"match":{"location":"in.finology.stepDefns.Hooks.afterStep(io.cucumber.java.Scenario)"}}],"keyword":"Given "}]},{"start_timestamp":"2025-05-25T16:49:13.129Z","before":[{"result":{"duration":77537188900,"status":"passed"},"match":{"location":"in.finology.stepDefns.Hooks.beforeScenario()"}}],"line":41,"name":"Unsuccessful sign up with valid name, invalid email id and valid mobile number","description":"","id":";unsuccessful-sign-up-with-valid-name--invalid-email-id-and-valid-mobile-number;;3","after":[{"result":{"duration":531959500,"status":"passed"},"match":{"location":"in.finology.stepDefns.Hooks.afterScenario(io.cucumber.java.Scenario)"}}],"type":"scenario","keyword":"Scenario Outline","steps":[{"result":{"error_message":"java.lang.AssertionError: User is unable to enter sign up details expected [true] but found [false]\r\n\tat org.testng.Assert.fail(Assert.java:111)\r\n\tat org.testng.Assert.failNotEquals(Assert.java:1590)\r\n\tat org.testng.Assert.assertTrue(Assert.java:57)\r\n\tat in.finology.stepDefns.SignUp_Steps.user_enters_and(SignUp_Steps.java:43)\r\n\tat âœ½.User enters \"Ram Shyam\", \"shyammaster675@gmail\" and \"1257465943\"(file:///D:/Selenium%20Projects/build%20out/Finology/src/test/resources/features/signUp.feature:33)\r\n","duration":10323528700,"status":"failed"},"before":[{"result":{"status":"passed"},"match":{"location":"in.finology.stepDefns.Hooks.beforeStep(io.cucumber.java.Scenario)"}}],"line":33,"name":"User enters \"Ram Shyam\", \"shyammaster675@gmail\" and \"1257465943\"","match":{"arguments":[{"val":"\"Ram Shyam\"","offset":12},{"val":"\"shyammaster675@gmail\"","offset":25},{"val":"\"1257465943\"","offset":52}],"location":"in.finology.stepDefns.SignUp_Steps.user_enters_and(java.lang.String,java.lang.String,java.lang.String)"},"after":[{"result":{"status":"passed"},"match":{"location":"in.finology.stepDefns.Hooks.afterStep(io.cucumber.java.Scenario)"}}],"keyword":"Given "},{"result":{"status":"skipped"},"before":[{"result":{"status":"skipped"},"match":{"location":"in.finology.stepDefns.Hooks.beforeStep(io.cucumber.java.Scenario)"}}],"line":34,"name":"User clicks sign up button","match":{"location":"in.finology.stepDefns.SignUp_Steps.user_clicks_sign_up_button()"},"after":[{"result":{"status":"skipped"},"match":{"location":"in.finology.stepDefns.Hooks.afterStep(io.cucumber.java.Scenario)"}}],"keyword":"When "},{"result":{"status":"skipped"},"before":[{"result":{"status":"skipped"},"match":{"location":"in.finology.stepDefns.Hooks.beforeStep(io.cucumber.java.Scenario)"}}],"line":35,"name":"Error \"Invalid Email\" or \"Please enter a valid email address.\" should be shown below email input box","match":{"arguments":[{"val":"\"Invalid Email\"","offset":6},{"val":"\"Please enter a valid email address.\"","offset":25}],"location":"in.finology.stepDefns.SignUp_Steps.error_should_be_shown_below_email_input_box(java.lang.String,java.lang.String)"},"after":[{"result":{"status":"skipped"},"match":{"location":"in.finology.stepDefns.Hooks.afterStep(io.cucumber.java.Scenario)"}}],"keyword":"Then "},{"result":{"status":"skipped"},"before":[{"result":{"duration":2009400,"status":"skipped"},"match":{"location":"in.finology.stepDefns.Hooks.beforeStep(io.cucumber.java.Scenario)"}}],"line":36,"name":"User should not be redirected to otp verification page","match":{"location":"in.finology.stepDefns.OTPVerification_Steps.user_should_not_be_redirected_to_otp_verification_page()"},"after":[{"result":{"duration":789900,"status":"skipped"},"match":{"location":"in.finology.stepDefns.Hooks.afterStep(io.cucumber.java.Scenario)"}}],"keyword":"And "}],"tags":[{"name":"@Signup"},{"name":"@invalid_email_signup"}]},{"line":5,"name":"","description":"","type":"background","keyword":"Background","steps":[{"result":{"error_message":"io.cucumber.core.exception.CucumberException: Failed to instantiate class in.finology.stepDefns.SignUp_Steps\r\n\tat io.cucumber.core.backend.DefaultObjectFactory.cacheNewInstance(DefaultObjectFactory.java:67)\r\n\tat io.cucumber.core.backend.DefaultObjectFactory.getInstance(DefaultObjectFactory.java:45)\r\n\tat io.cucumber.java.AbstractGlueDefinition.invokeMethod(AbstractGlueDefinition.java:47)\r\n\tat io.cucumber.java.JavaStepDefinition.execute(JavaStepDefinition.java:29)\r\n\tat io.cucumber.core.runner.CoreStepDefinition.execute(CoreStepDefinition.java:66)\r\n\tat io.cucumber.core.runner.PickleStepDefinitionMatch.runStep(PickleStepDefinitionMatch.java:62)\r\n\tat io.cucumber.core.runner.ExecutionMode$1.execute(ExecutionMode.java:10)\r\n\tat io.cucumber.core.runner.TestStep.executeStep(TestStep.java:81)\r\n\tat io.cucumber.core.runner.TestStep.run(TestStep.java:53)\r\n\tat io.cucumber.core.runner.PickleStepTestStep.run(PickleStepTestStep.java:51)\r\n\tat io.cucumber.core.runner.TestCase.run(TestCase.java:86)\r\n\tat io.cucumber.core.runner.Runner.runPickle(Runner.java:77)\r\n\tat io.cucumber.testng.TestNGCucumberRunner.lambda$runScenario$1(TestNGCucumberRunner.java:135)\r\n\tat io.cucumber.core.runtime.CucumberExecutionContext.lambda$runTestCase$5(CucumberExecutionContext.java:136)\r\n\tat io.cucumber.core.runtime.RethrowingThrowableCollector.executeAndThrow(RethrowingThrowableCollector.java:23)\r\n\tat io.cucumber.core.runtime.CucumberExecutionContext.runTestCase(CucumberExecutionContext.java:136)\r\n\tat io.cucumber.testng.TestNGCucumberRunner.runScenario(TestNGCucumberRunner.java:132)\r\n\tat io.cucumber.testng.AbstractTestNGCucumberTests.runScenario(AbstractTestNGCucumberTests.java:35)\r\n\tat java.base/jdk.internal.reflect.DirectMethodHandleAccessor.invoke(DirectMethodHandleAccessor.java:103)\r\n\tat java.base/java.lang.reflect.Method.invoke(Method.java:580)\r\n\tat org.testng.internal.invokers.MethodInvocationHelper.invokeMethod(MethodInvocationHelper.java:141)\r\n\tat org.testng.internal.invokers.TestInvoker.invokeMethod(TestInvoker.java:687)\r\n\tat org.testng.internal.invokers.TestInvoker.invokeTestMethod(TestInvoker.java:230)\r\n\tat org.testng.internal.invokers.TestMethodWithDataProviderMethodWorker.call(TestMethodWithDataProviderMethodWorker.java:81)\r\n\tat org.testng.internal.thread.Async$AsyncTask.run(Async.java:34)\r\n\tat java.base/java.util.concurrent.ThreadPoolExecutor.runWorker(ThreadPoolExecutor.java:1144)\r\n\tat java.base/java.util.concurrent.ThreadPoolExecutor$Worker.run(ThreadPoolExecutor.java:642)\r\n\tat java.base/java.lang.Thread.run(Thread.java:1583)\r\nCaused by: java.lang.reflect.InvocationTargetException\r\n\tat java.base/jdk.internal.reflect.DirectConstructorHandleAccessor.newInstance(DirectConstructorHandleAccessor.java:72)\r\n\tat java.base/java.lang.reflect.Constructor.newInstanceWithCaller(Constructor.java:502)\r\n\tat java.base/java.lang.reflect.Constructor.newInstance(Constructor.java:486)\r\n\tat io.cucumber.core.backend.DefaultObjectFactory.cacheNewInstance(DefaultObjectFactory.java:53)\r\n\t... 27 more\r\nCaused by: java.lang.NullPointerException: Cannot invoke \"in.finology.utils.ObjectContext.getDriver()\" because the return value of \"in.finology.utils.ContextManager.getContext()\" is null\r\n\tat in.finology.stepDefns.SignUp_Steps.<init>(SignUp_Steps.java:23)\r\n\tat java.base/jdk.internal.reflect.DirectConstructorHandleAccessor.newInstance(DirectConstructorHandleAccessor.java:62)\r\n\t... 30 more\r\n","duration":48781300,"status":"failed"},"before":[{"result":{"status":"passed"},"match":{"location":"in.finology.stepDefns.Hooks.beforeStep(io.cucumber.java.Scenario)"}}],"line":6,"name":"User is on new sign up page","match":{"location":"in.finology.stepDefns.SignUp_Steps.user_is_on_new_sign_up_page()"},"after":[{"result":{"duration":29079600,"status":"passed"},"match":{"location":"in.finology.stepDefns.Hooks.afterStep(io.cucumber.java.Scenario)"}}],"keyword":"Given "}]},{"start_timestamp":"2025-05-25T16:49:19.072Z","before":[{"result":{"duration":108484257700,"status":"passed"},"match":{"location":"in.finology.stepDefns.Hooks.beforeScenario()"}}],"line":42,"name":"Unsuccessful sign up with valid name, invalid email id and valid mobile number","description":"","id":";unsuccessful-sign-up-with-valid-name--invalid-email-id-and-valid-mobile-number;;4","after":[{"result":{"status":"passed"},"match":{"location":"in.finology.stepDefns.Hooks.afterScenario(io.cucumber.java.Scenario)"}}],"type":"scenario","keyword":"Scenario Outline","steps":[{"result":{"status":"skipped"},"before":[{"result":{"status":"skipped"},"match":{"location":"in.finology.stepDefns.Hooks.beforeStep(io.cucumber.java.Scenario)"}}],"line":33,"name":"User enters \"Hitesh\", \"\" and \"8646597458\"","match":{"arguments":[{"val":"\"Hitesh\"","offset":12},{"val":"\"\"","offset":22},{"val":"\"8646597458\"","offset":29}],"location":"in.finology.stepDefns.SignUp_Steps.user_enters_and(java.lang.String,java.lang.String,java.lang.String)"},"after":[{"result":{"duration":873400,"status":"skipped"},"match":{"location":"in.finology.stepDefns.Hooks.afterStep(io.cucumber.java.Scenario)"}}],"keyword":"Given "},{"result":{"duration":1483300,"status":"skipped"},"before":[{"result":{"duration":123051600,"status":"skipped"},"match":{"location":"in.finology.stepDefns.Hooks.beforeStep(io.cucumber.java.Scenario)"}}],"line":34,"name":"User clicks sign up button","match":{"location":"in.finology.stepDefns.SignUp_Steps.user_clicks_sign_up_button()"},"after":[{"result":{"status":"skipped"},"match":{"location":"in.finology.stepDefns.Hooks.afterStep(io.cucumber.java.Scenario)"}}],"keyword":"When "},{"result":{"status":"skipped"},"before":[{"result":{"status":"skipped"},"match":{"location":"in.finology.stepDefns.Hooks.beforeStep(io.cucumber.java.Scenario)"}}],"line":35,"name":"Error \"*Required\" or \"*Required\" should be shown below email input box","match":{"arguments":[{"val":"\"*Required\"","offset":6},{"val":"\"*Required\"","offset":21}],"location":"in.finology.stepDefns.SignUp_Steps.error_should_be_shown_below_email_input_box(java.lang.String,java.lang.String)"},"after":[{"result":{"status":"skipped"},"match":{"location":"in.finology.stepDefns.Hooks.afterStep(io.cucumber.java.Scenario)"}}],"keyword":"Then "},{"result":{"status":"skipped"},"before":[{"result":{"duration":22902400,"status":"skipped"},"match":{"location":"in.finology.stepDefns.Hooks.beforeStep(io.cucumber.java.Scenario)"}}],"line":36,"name":"User should not be redirected to otp verification page","match":{"location":"in.finology.stepDefns.OTPVerification_Steps.user_should_not_be_redirected_to_otp_verification_page()"},"after":[{"result":{"status":"skipped"},"match":{"location":"in.finology.stepDefns.Hooks.afterStep(io.cucumber.java.Scenario)"}}],"keyword":"And "}],"tags":[{"name":"@Signup"},{"name":"@invalid_email_signup"}]},{"line":5,"name":"","description":"","type":"background","keyword":"Background","steps":[{"result":{"error_message":"java.lang.AssertionError: User is not on sign up page expected [true] but found [false]\r\n\tat org.testng.Assert.fail(Assert.java:111)\r\n\tat org.testng.Assert.failNotEquals(Assert.java:1590)\r\n\tat org.testng.Assert.assertTrue(Assert.java:57)\r\n\tat in.finology.stepDefns.SignUp_Steps.user_is_on_new_sign_up_page(SignUp_Steps.java:33)\r\n\tat âœ½.User is on new sign up page(file:///D:/Selenium%20Projects/build%20out/Finology/src/test/resources/features/signUp.feature:6)\r\n","duration":197879000,"status":"failed"},"before":[{"result":{"duration":35368000,"status":"passed"},"match":{"location":"in.finology.stepDefns.Hooks.beforeStep(io.cucumber.java.Scenario)"}}],"line":6,"name":"User is on new sign up page","match":{"location":"in.finology.stepDefns.SignUp_Steps.user_is_on_new_sign_up_page()"},"after":[{"result":{"duration":2008900,"status":"passed"},"match":{"location":"in.finology.stepDefns.Hooks.afterStep(io.cucumber.java.Scenario)"}}],"keyword":"Given "}]},{"start_timestamp":"2025-05-25T16:49:32.514Z","before":[{"result":{"duration":82861793400,"status":"passed"},"match":{"location":"in.finology.stepDefns.Hooks.beforeScenario()"}}],"line":54,"name":"Successful sign up with valid name, valid email and valid mobile number","description":"","id":";successful-sign-up-with-valid-name--valid-email-and-valid-mobile-number;;2","after":[{"result":{"duration":11984204300,"status":"passed"},"match":{"location":"in.finology.stepDefns.Hooks.afterScenario(io.cucumber.java.Scenario)"}}],"type":"scenario","keyword":"Scenario Outline","steps":[{"result":{"status":"skipped"},"before":[{"result":{"status":"skipped"},"match":{"location":"in.finology.stepDefns.Hooks.beforeStep(io.cucumber.java.Scenario)"}}],"line":46,"name":"User enters \"TestUserRieeeeeeeeeeeee\", \"testuserrieeeeeeeeeeeee2726@gmail.com\" and \"9437525638\"","match":{"arguments":[{"val":"\"TestUserRieeeeeeeeeeeee\"","offset":12},{"val":"\"testuserrieeeeeeeeeeeee2726@gmail.com\"","offset":39},{"val":"\"9437525638\"","offset":83}],"location":"in.finology.stepDefns.SignUp_Steps.user_enters_and(java.lang.String,java.lang.String,java.lang.String)"},"after":[{"result":{"status":"skipped"},"match":{"location":"in.finology.stepDefns.Hooks.afterStep(io.cucumber.java.Scenario)"}}],"keyword":"Given "},{"result":{"duration":4536200,"status":"skipped"},"before":[{"result":{"duration":2009900,"status":"skipped"},"match":{"location":"in.finology.stepDefns.Hooks.beforeStep(io.cucumber.java.Scenario)"}}],"line":47,"name":"User clicks sign up button","match":{"location":"in.finology.stepDefns.SignUp_Steps.user_clicks_sign_up_button()"},"after":[{"result":{"status":"skipped"},"match":{"location":"in.finology.stepDefns.Hooks.afterStep(io.cucumber.java.Scenario)"}}],"keyword":"When "},{"result":{"status":"skipped"},"before":[{"result":{"duration":2016300,"status":"skipped"},"match":{"location":"in.finology.stepDefns.Hooks.beforeStep(io.cucumber.java.Scenario)"}}],"line":48,"name":"User should redirect to OTP verification page","match":{"location":"in.finology.stepDefns.OTPVerification_Steps.user_should_redirect_to_otp_verification_page()"},"after":[{"result":{"status":"skipped"},"match":{"location":"in.finology.stepDefns.Hooks.afterStep(io.cucumber.java.Scenario)"}}],"keyword":"Then "},{"result":{"status":"skipped"},"before":[{"result":{"status":"skipped"},"match":{"location":"in.finology.stepDefns.Hooks.beforeStep(io.cucumber.java.Scenario)"}}],"line":50,"name":"Finology logo, home button, enter otp text, otp input box, verify otp button should be displayed on OTP verification page","match":{"location":"in.finology.stepDefns.OTPVerification_Steps.finology_logo_home_button_enter_otp_text_otp_input_box_verify_otp_button_should_be_displayed_on_OTP_verification_page()"},"after":[{"result":{"duration":5509900,"status":"skipped"},"match":{"location":"in.finology.stepDefns.Hooks.afterStep(io.cucumber.java.Scenario)"}}],"keyword":"And "}],"tags":[{"name":"@Signup"},{"name":"@successful_signup"}]},{"line":5,"name":"","description":"","type":"background","keyword":"Background","steps":[{"result":{"error_message":"io.cucumber.core.exception.CucumberException: Failed to instantiate class in.finology.stepDefns.SignUp_Steps\r\n\tat io.cucumber.core.backend.DefaultObjectFactory.cacheNewInstance(DefaultObjectFactory.java:67)\r\n\tat io.cucumber.core.backend.DefaultObjectFactory.getInstance(DefaultObjectFactory.java:45)\r\n\tat io.cucumber.java.AbstractGlueDefinition.invokeMethod(AbstractGlueDefinition.java:47)\r\n\tat io.cucumber.java.JavaStepDefinition.execute(JavaStepDefinition.java:29)\r\n\tat io.cucumber.core.runner.CoreStepDefinition.execute(CoreStepDefinition.java:66)\r\n\tat io.cucumber.core.runner.PickleStepDefinitionMatch.runStep(PickleStepDefinitionMatch.java:62)\r\n\tat io.cucumber.core.runner.ExecutionMode$1.execute(ExecutionMode.java:10)\r\n\tat io.cucumber.core.runner.TestStep.executeStep(TestStep.java:81)\r\n\tat io.cucumber.core.runner.TestStep.run(TestStep.java:53)\r\n\tat io.cucumber.core.runner.PickleStepTestStep.run(PickleStepTestStep.java:51)\r\n\tat io.cucumber.core.runner.TestCase.run(TestCase.java:86)\r\n\tat io.cucumber.core.runner.Runner.runPickle(Runner.java:77)\r\n\tat io.cucumber.testng.TestNGCucumberRunner.lambda$runScenario$1(TestNGCucumberRunner.java:135)\r\n\tat io.cucumber.core.runtime.CucumberExecutionContext.lambda$runTestCase$5(CucumberExecutionContext.java:136)\r\n\tat io.cucumber.core.runtime.RethrowingThrowableCollector.executeAndThrow(RethrowingThrowableCollector.java:23)\r\n\tat io.cucumber.core.runtime.CucumberExecutionContext.runTestCase(CucumberExecutionContext.java:136)\r\n\tat io.cucumber.testng.TestNGCucumberRunner.runScenario(TestNGCucumberRunner.java:132)\r\n\tat io.cucumber.testng.AbstractTestNGCucumberTests.runScenario(AbstractTestNGCucumberTests.java:35)\r\n\tat java.base/jdk.internal.reflect.DirectMethodHandleAccessor.invoke(DirectMethodHandleAccessor.java:103)\r\n\tat java.base/java.lang.reflect.Method.invoke(Method.java:580)\r\n\tat org.testng.internal.invokers.MethodInvocationHelper.invokeMethod(MethodInvocationHelper.java:141)\r\n\tat org.testng.internal.invokers.TestInvoker.invokeMethod(TestInvoker.java:687)\r\n\tat org.testng.internal.invokers.TestInvoker.invokeTestMethod(TestInvoker.java:230)\r\n\tat org.testng.internal.invokers.TestMethodWithDataProviderMethodWorker.call(TestMethodWithDataProviderMethodWorker.java:81)\r\n\tat org.testng.internal.thread.Async$AsyncTask.run(Async.java:34)\r\n\tat java.base/java.util.concurrent.ThreadPoolExecutor.runWorker(ThreadPoolExecutor.java:1144)\r\n\tat java.base/java.util.concurrent.ThreadPoolExecutor$Worker.run(ThreadPoolExecutor.java:642)\r\n\tat java.base/java.lang.Thread.run(Thread.java:1583)\r\nCaused by: java.lang.reflect.InvocationTargetException\r\n\tat java.base/jdk.internal.reflect.DirectConstructorHandleAccessor.newInstance(DirectConstructorHandleAccessor.java:72)\r\n\tat java.base/java.lang.reflect.Constructor.newInstanceWithCaller(Constructor.java:502)\r\n\tat java.base/java.lang.reflect.Constructor.newInstance(Constructor.java:486)\r\n\tat io.cucumber.core.backend.DefaultObjectFactory.cacheNewInstance(DefaultObjectFactory.java:53)\r\n\t... 27 more\r\nCaused by: java.lang.NullPointerException: Cannot invoke \"in.finology.utils.ObjectContext.getDriver()\" because the return value of \"in.finology.utils.ContextManager.getContext()\" is null\r\n\tat in.finology.stepDefns.SignUp_Steps.<init>(SignUp_Steps.java:23)\r\n\tat java.base/jdk.internal.reflect.DirectConstructorHandleAccessor.newInstance(DirectConstructorHandleAccessor.java:62)\r\n\t... 30 more\r\n","duration":102803500,"status":"failed"},"before":[{"result":{"status":"passed"},"match":{"location":"in.finology.stepDefns.Hooks.beforeStep(io.cucumber.java.Scenario)"}}],"line":6,"name":"User is on new sign up page","match":{"location":"in.finology.stepDefns.SignUp_Steps.user_is_on_new_sign_up_page()"},"after":[{"result":{"duration":1010700,"status":"passed"},"match":{"location":"in.finology.stepDefns.Hooks.afterStep(io.cucumber.java.Scenario)"}}],"keyword":"Given "}]},{"start_timestamp":"2025-05-25T16:49:44.920Z","before":[{"result":{"duration":75556055200,"status":"passed"},"match":{"location":"in.finology.stepDefns.Hooks.beforeScenario()"}}],"line":55,"name":"Successful sign up with valid name, valid email and valid mobile number","description":"","id":";successful-sign-up-with-valid-name--valid-email-and-valid-mobile-number;;3","after":[{"result":{"status":"passed"},"match":{"location":"in.finology.stepDefns.Hooks.afterScenario(io.cucumber.java.Scenario)"}}],"type":"scenario","keyword":"Scenario Outline","steps":[{"result":{"duration":542500,"status":"skipped"},"before":[{"result":{"duration":971700,"status":"skipped"},"match":{"location":"in.finology.stepDefns.Hooks.beforeStep(io.cucumber.java.Scenario)"}}],"line":46,"name":"User enters \"Reriserrrrrrrrrrrrrr\", \"reriserrrrrrrrrrrrrrruserEmailMe2122@gmail.com\" and \"8335957041\"","match":{"arguments":[{"val":"\"Reriserrrrrrrrrrrrrr\"","offset":12},{"val":"\"reriserrrrrrrrrrrrrrruserEmailMe2122@gmail.com\"","offset":36},{"val":"\"8335957041\"","offset":89}],"location":"in.finology.stepDefns.SignUp_Steps.user_enters_and(java.lang.String,java.lang.String,java.lang.String)"},"after":[{"result":{"status":"skipped"},"match":{"location":"in.finology.stepDefns.Hooks.afterStep(io.cucumber.java.Scenario)"}}],"keyword":"Given "},{"result":{"status":"skipped"},"before":[{"result":{"status":"skipped"},"match":{"location":"in.finology.stepDefns.Hooks.beforeStep(io.cucumber.java.Scenario)"}}],"line":47,"name":"User clicks sign up button","match":{"location":"in.finology.stepDefns.SignUp_Steps.user_clicks_sign_up_button()"},"after":[{"result":{"status":"skipped"},"match":{"location":"in.finology.stepDefns.Hooks.afterStep(io.cucumber.java.Scenario)"}}],"keyword":"When "},{"result":{"status":"skipped"},"before":[{"result":{"status":"skipped"},"match":{"location":"in.finology.stepDefns.Hooks.beforeStep(io.cucumber.java.Scenario)"}}],"line":48,"name":"User should redirect to OTP verification page","match":{"location":"in.finology.stepDefns.OTPVerification_Steps.user_should_redirect_to_otp_verification_page()"},"after":[{"result":{"status":"skipped"},"match":{"location":"in.finology.stepDefns.Hooks.afterStep(io.cucumber.java.Scenario)"}}],"keyword":"Then "},{"result":{"status":"skipped"},"before":[{"result":{"status":"skipped"},"match":{"location":"in.finology.stepDefns.Hooks.beforeStep(io.cucumber.java.Scenario)"}}],"line":50,"name":"Finology logo, home button, enter otp text, otp input box, verify otp button should be displayed on OTP verification page","match":{"location":"in.finology.stepDefns.OTPVerification_Steps.finology_logo_home_button_enter_otp_text_otp_input_box_verify_otp_button_should_be_displayed_on_OTP_verification_page()"},"after":[{"result":{"status":"skipped"},"match":{"location":"in.finology.stepDefns.Hooks.afterStep(io.cucumber.java.Scenario)"}}],"keyword":"And "}],"tags":[{"name":"@Signup"},{"name":"@successful_signup"}]},{"line":5,"name":"","description":"","type":"background","keyword":"Background","steps":[{"result":{"error_message":"io.cucumber.core.exception.CucumberException: Failed to instantiate class in.finology.stepDefns.SignUp_Steps\r\n\tat io.cucumber.core.backend.DefaultObjectFactory.cacheNewInstance(DefaultObjectFactory.java:67)\r\n\tat io.cucumber.core.backend.DefaultObjectFactory.getInstance(DefaultObjectFactory.java:45)\r\n\tat io.cucumber.java.AbstractGlueDefinition.invokeMethod(AbstractGlueDefinition.java:47)\r\n\tat io.cucumber.java.JavaStepDefinition.execute(JavaStepDefinition.java:29)\r\n\tat io.cucumber.core.runner.CoreStepDefinition.execute(CoreStepDefinition.java:66)\r\n\tat io.cucumber.core.runner.PickleStepDefinitionMatch.runStep(PickleStepDefinitionMatch.java:62)\r\n\tat io.cucumber.core.runner.ExecutionMode$1.execute(ExecutionMode.java:10)\r\n\tat io.cucumber.core.runner.TestStep.executeStep(TestStep.java:81)\r\n\tat io.cucumber.core.runner.TestStep.run(TestStep.java:53)\r\n\tat io.cucumber.core.runner.PickleStepTestStep.run(PickleStepTestStep.java:51)\r\n\tat io.cucumber.core.runner.TestCase.run(TestCase.java:86)\r\n\tat io.cucumber.core.runner.Runner.runPickle(Runner.java:77)\r\n\tat io.cucumber.testng.TestNGCucumberRunner.lambda$runScenario$1(TestNGCucumberRunner.java:135)\r\n\tat io.cucumber.core.runtime.CucumberExecutionContext.lambda$runTestCase$5(CucumberExecutionContext.java:136)\r\n\tat io.cucumber.core.runtime.RethrowingThrowableCollector.executeAndThrow(RethrowingThrowableCollector.java:23)\r\n\tat io.cucumber.core.runtime.CucumberExecutionContext.runTestCase(CucumberExecutionContext.java:136)\r\n\tat io.cucumber.testng.TestNGCucumberRunner.runScenario(TestNGCucumberRunner.java:132)\r\n\tat io.cucumber.testng.AbstractTestNGCucumberTests.runScenario(AbstractTestNGCucumberTests.java:35)\r\n\tat java.base/jdk.internal.reflect.DirectMethodHandleAccessor.invoke(DirectMethodHandleAccessor.java:103)\r\n\tat java.base/java.lang.reflect.Method.invoke(Method.java:580)\r\n\tat org.testng.internal.invokers.MethodInvocationHelper.invokeMethod(MethodInvocationHelper.java:141)\r\n\tat org.testng.internal.invokers.TestInvoker.invokeMethod(TestInvoker.java:687)\r\n\tat org.testng.internal.invokers.TestInvoker.invokeTestMethod(TestInvoker.java:230)\r\n\tat org.testng.internal.invokers.TestMethodWithDataProviderMethodWorker.call(TestMethodWithDataProviderMethodWorker.java:81)\r\n\tat org.testng.internal.thread.Async$AsyncTask.run(Async.java:34)\r\n\tat java.base/java.util.concurrent.ThreadPoolExecutor.runWorker(ThreadPoolExecutor.java:1144)\r\n\tat java.base/java.util.concurrent.ThreadPoolExecutor$Worker.run(ThreadPoolExecutor.java:642)\r\n\tat java.base/java.lang.Thread.run(Thread.java:1583)\r\nCaused by: java.lang.reflect.InvocationTargetException\r\n\tat java.base/jdk.internal.reflect.DirectConstructorHandleAccessor.newInstance(DirectConstructorHandleAccessor.java:72)\r\n\tat java.base/java.lang.reflect.Constructor.newInstanceWithCaller(Constructor.java:502)\r\n\tat java.base/java.lang.reflect.Constructor.newInstance(Constructor.java:486)\r\n\tat io.cucumber.core.backend.DefaultObjectFactory.cacheNewInstance(DefaultObjectFactory.java:53)\r\n\t... 27 more\r\nCaused by: java.lang.NullPointerException: Cannot invoke \"in.finology.utils.ObjectContext.getDriver()\" because the return value of \"in.finology.utils.ContextManager.getContext()\" is null\r\n\tat in.finology.stepDefns.SignUp_Steps.<init>(SignUp_Steps.java:23)\r\n\tat java.base/jdk.internal.reflect.DirectConstructorHandleAccessor.newInstance(DirectConstructorHandleAccessor.java:62)\r\n\t... 30 more\r\n","duration":115495900,"status":"failed"},"before":[{"result":{"status":"passed"},"match":{"location":"in.finology.stepDefns.Hooks.beforeStep(io.cucumber.java.Scenario)"}}],"line":6,"name":"User is on new sign up page","match":{"location":"in.finology.stepDefns.SignUp_Steps.user_is_on_new_sign_up_page()"},"after":[{"result":{"status":"passed"},"match":{"location":"in.finology.stepDefns.Hooks.afterStep(io.cucumber.java.Scenario)"}}],"keyword":"Given "}]},{"start_timestamp":"2025-05-25T16:50:19.995Z","before":[{"result":{"duration":46219294000,"status":"passed"},"match":{"location":"in.finology.stepDefns.Hooks.beforeScenario()"}}],"line":68,"name":"Unsuccessful sign up with valid name, duplicate email or duplicate mobile number","description":"","id":";unsuccessful-sign-up-with-valid-name--duplicate-email-or-duplicate-mobile-number;;2","after":[{"result":{"duration":10367900,"status":"passed"},"match":{"location":"in.finology.stepDefns.Hooks.afterScenario(io.cucumber.java.Scenario)"}}],"type":"scenario","keyword":"Scenario Outline","steps":[{"result":{"status":"skipped"},"before":[{"result":{"status":"skipped"},"match":{"location":"in.finology.stepDefns.Hooks.beforeStep(io.cucumber.java.Scenario)"}}],"line":60,"name":"User enters \"TestUserRieeeeeeeeeeeee\", \"testuserrieeeeeeeeeeeee2726@gmail.com\" and \"5598705134\"","match":{"arguments":[{"val":"\"TestUserRieeeeeeeeeeeee\"","offset":12},{"val":"\"testuserrieeeeeeeeeeeee2726@gmail.com\"","offset":39},{"val":"\"5598705134\"","offset":83}],"location":"in.finology.stepDefns.SignUp_Steps.user_enters_and(java.lang.String,java.lang.String,java.lang.String)"},"after":[{"result":{"status":"skipped"},"match":{"location":"in.finology.stepDefns.Hooks.afterStep(io.cucumber.java.Scenario)"}}],"keyword":"Given "},{"result":{"duration":1570200,"status":"skipped"},"before":[{"result":{"status":"skipped"},"match":{"location":"in.finology.stepDefns.Hooks.beforeStep(io.cucumber.java.Scenario)"}}],"line":61,"name":"User clicks sign up button","match":{"location":"in.finology.stepDefns.SignUp_Steps.user_clicks_sign_up_button()"},"after":[{"result":{"status":"skipped"},"match":{"location":"in.finology.stepDefns.Hooks.afterStep(io.cucumber.java.Scenario)"}}],"keyword":"When "},{"result":{"status":"skipped"},"before":[{"result":{"status":"skipped"},"match":{"location":"in.finology.stepDefns.Hooks.beforeStep(io.cucumber.java.Scenario)"}}],"line":62,"name":"User should be redirected to login page","match":{"location":"in.finology.stepDefns.Login_Steps.user_should_be_redirected_to_login_page()"},"after":[{"result":{"status":"skipped"},"match":{"location":"in.finology.stepDefns.Hooks.afterStep(io.cucumber.java.Scenario)"}}],"keyword":"Then "},{"result":{"status":"skipped"},"before":[{"result":{"status":"skipped"},"match":{"location":"in.finology.stepDefns.Hooks.beforeStep(io.cucumber.java.Scenario)"}}],"line":63,"name":"Already account \"You already have an account. Please Login to continue.\" should be shown","match":{"arguments":[{"val":"\"You already have an account. Please Login to continue.\"","offset":16}],"location":"in.finology.stepDefns.Login_Steps.already_account_should_be_shown(java.lang.String)"},"after":[{"result":{"status":"skipped"},"match":{"location":"in.finology.stepDefns.Hooks.afterStep(io.cucumber.java.Scenario)"}}],"keyword":"And "}],"tags":[{"name":"@Signup"},{"name":"@unsuccessful_duplicate_account_signup"}]},{"line":5,"name":"","description":"","type":"background","keyword":"Background","steps":[{"result":{"duration":7761590800,"status":"passed"},"before":[{"result":{"status":"passed"},"match":{"location":"in.finology.stepDefns.Hooks.beforeStep(io.cucumber.java.Scenario)"}}],"line":6,"name":"User is on new sign up page","match":{"location":"in.finology.stepDefns.SignUp_Steps.user_is_on_new_sign_up_page()"},"after":[{"result":{"status":"passed"},"match":{"location":"in.finology.stepDefns.Hooks.afterStep(io.cucumber.java.Scenario)"}}],"keyword":"Given "}]},{"start_timestamp":"2025-05-25T16:50:28.127Z","before":[{"result":{"duration":32240271300,"status":"passed"},"match":{"location":"in.finology.stepDefns.Hooks.beforeScenario()"}}],"line":69,"name":"Unsuccessful sign up with valid name, duplicate email or duplicate mobile number","description":"","id":";unsuccessful-sign-up-with-valid-name--duplicate-email-or-duplicate-mobile-number;;3","after":[{"result":{"duration":4422357600,"status":"passed"},"match":{"location":"in.finology.stepDefns.Hooks.afterScenario(io.cucumber.java.Scenario)"}}],"type":"scenario","keyword":"Scenario Outline","steps":[{"result":{"error_message":"java.lang.AssertionError: User is unable to enter sign up details expected [true] but found [false]\r\n\tat org.testng.Assert.fail(Assert.java:111)\r\n\tat org.testng.Assert.failNotEquals(Assert.java:1590)\r\n\tat org.testng.Assert.assertTrue(Assert.java:57)\r\n\tat in.finology.stepDefns.SignUp_Steps.user_enters_and(SignUp_Steps.java:43)\r\n\tat âœ½.User enters \"Reriserrrrrrrrrrrrrr\", \"otherneewuueeemail211317@gmail.com\" and \"8335957041\"(file:///D:/Selenium%20Projects/build%20out/Finology/src/test/resources/features/signUp.feature:60)\r\n","duration":191887600,"status":"failed"},"before":[{"result":{"duration":40210900,"status":"passed"},"match":{"location":"in.finology.stepDefns.Hooks.beforeStep(io.cucumber.java.Scenario)"}}],"line":60,"name":"User enters \"Reriserrrrrrrrrrrrrr\", \"otherneewuueeemail211317@gmail.com\" and \"8335957041\"","match":{"arguments":[{"val":"\"Reriserrrrrrrrrrrrrr\"","offset":12},{"val":"\"otherneewuueeemail211317@gmail.com\"","offset":36},{"val":"\"8335957041\"","offset":77}],"location":"in.finology.stepDefns.SignUp_Steps.user_enters_and(java.lang.String,java.lang.String,java.lang.String)"},"after":[{"result":{"duration":9522700,"status":"passed"},"match":{"location":"in.finology.stepDefns.Hooks.afterStep(io.cucumber.java.Scenario)"}}],"keyword":"Given "},{"result":{"status":"skipped"},"before":[{"result":{"status":"skipped"},"match":{"location":"in.finology.stepDefns.Hooks.beforeStep(io.cucumber.java.Scenario)"}}],"line":61,"name":"User clicks sign up button","match":{"location":"in.finology.stepDefns.SignUp_Steps.user_clicks_sign_up_button()"},"after":[{"result":{"duration":4025600,"status":"skipped"},"match":{"location":"in.finology.stepDefns.Hooks.afterStep(io.cucumber.java.Scenario)"}}],"keyword":"When "},{"result":{"status":"skipped"},"before":[{"result":{"status":"skipped"},"match":{"location":"in.finology.stepDefns.Hooks.beforeStep(io.cucumber.java.Scenario)"}}],"line":62,"name":"User should be redirected to login page","match":{"location":"in.finology.stepDefns.Login_Steps.user_should_be_redirected_to_login_page()"},"after":[{"result":{"status":"skipped"},"match":{"location":"in.finology.stepDefns.Hooks.afterStep(io.cucumber.java.Scenario)"}}],"keyword":"Then "},{"result":{"duration":1885600,"status":"skipped"},"before":[{"result":{"duration":9955100,"status":"skipped"},"match":{"location":"in.finology.stepDefns.Hooks.beforeStep(io.cucumber.java.Scenario)"}}],"line":63,"name":"Already account \"You already have an account. Please Login to continue.\" should be shown","match":{"arguments":[{"val":"\"You already have an account. Please Login to continue.\"","offset":16}],"location":"in.finology.stepDefns.Login_Steps.already_account_should_be_shown(java.lang.String)"},"after":[{"result":{"duration":10959300,"status":"skipped"},"match":{"location":"in.finology.stepDefns.Hooks.afterStep(io.cucumber.java.Scenario)"}}],"keyword":"And "}],"tags":[{"name":"@Signup"},{"name":"@unsuccessful_duplicate_account_signup"}]},{"line":5,"name":"","description":"","type":"background","keyword":"Background","steps":[{"result":{"error_message":"io.cucumber.core.exception.CucumberException: Failed to instantiate class in.finology.stepDefns.SignUp_Steps\r\n\tat io.cucumber.core.backend.DefaultObjectFactory.cacheNewInstance(DefaultObjectFactory.java:67)\r\n\tat io.cucumber.core.backend.DefaultObjectFactory.getInstance(DefaultObjectFactory.java:45)\r\n\tat io.cucumber.java.AbstractGlueDefinition.invokeMethod(AbstractGlueDefinition.java:47)\r\n\tat io.cucumber.java.JavaStepDefinition.execute(JavaStepDefinition.java:29)\r\n\tat io.cucumber.core.runner.CoreStepDefinition.execute(CoreStepDefinition.java:66)\r\n\tat io.cucumber.core.runner.PickleStepDefinitionMatch.runStep(PickleStepDefinitionMatch.java:62)\r\n\tat io.cucumber.core.runner.ExecutionMode$1.execute(ExecutionMode.java:10)\r\n\tat io.cucumber.core.runner.TestStep.executeStep(TestStep.java:81)\r\n\tat io.cucumber.core.runner.TestStep.run(TestStep.java:53)\r\n\tat io.cucumber.core.runner.PickleStepTestStep.run(PickleStepTestStep.java:51)\r\n\tat io.cucumber.core.runner.TestCase.run(TestCase.java:86)\r\n\tat io.cucumber.core.runner.Runner.runPickle(Runner.java:77)\r\n\tat io.cucumber.testng.TestNGCucumberRunner.lambda$runScenario$1(TestNGCucumberRunner.java:135)\r\n\tat io.cucumber.core.runtime.CucumberExecutionContext.lambda$runTestCase$5(CucumberExecutionContext.java:136)\r\n\tat io.cucumber.core.runtime.RethrowingThrowableCollector.executeAndThrow(RethrowingThrowableCollector.java:23)\r\n\tat io.cucumber.core.runtime.CucumberExecutionContext.runTestCase(CucumberExecutionContext.java:136)\r\n\tat io.cucumber.testng.TestNGCucumberRunner.runScenario(TestNGCucumberRunner.java:132)\r\n\tat io.cucumber.testng.AbstractTestNGCucumberTests.runScenario(AbstractTestNGCucumberTests.java:35)\r\n\tat java.base/jdk.internal.reflect.DirectMethodHandleAccessor.invoke(DirectMethodHandleAccessor.java:103)\r\n\tat java.base/java.lang.reflect.Method.invoke(Method.java:580)\r\n\tat org.testng.internal.invokers.MethodInvocationHelper.invokeMethod(MethodInvocationHelper.java:141)\r\n\tat org.testng.internal.invokers.TestInvoker.invokeMethod(TestInvoker.java:687)\r\n\tat org.testng.internal.invokers.TestInvoker.invokeTestMethod(TestInvoker.java:230)\r\n\tat org.testng.internal.invokers.TestMethodWithDataProviderMethodWorker.call(TestMethodWithDataProviderMethodWorker.java:81)\r\n\tat org.testng.internal.thread.Async$AsyncTask.run(Async.java:34)\r\n\tat java.base/java.util.concurrent.ThreadPoolExecutor.runWorker(ThreadPoolExecutor.java:1144)\r\n\tat java.base/java.util.concurrent.ThreadPoolExecutor$Worker.run(ThreadPoolExecutor.java:642)\r\n\tat java.base/java.lang.Thread.run(Thread.java:1583)\r\nCaused by: java.lang.reflect.InvocationTargetException\r\n\tat java.base/jdk.internal.reflect.DirectConstructorHandleAccessor.newInstance(DirectConstructorHandleAccessor.java:72)\r\n\tat java.base/java.lang.reflect.Constructor.newInstanceWithCaller(Constructor.java:502)\r\n\tat java.base/java.lang.reflect.Constructor.newInstance(Constructor.java:486)\r\n\tat io.cucumber.core.backend.DefaultObjectFactory.cacheNewInstance(DefaultObjectFactory.java:53)\r\n\t... 27 more\r\nCaused by: java.lang.NullPointerException: Cannot invoke \"in.finology.utils.ObjectContext.getDriver()\" because the return value of \"in.finology.utils.ContextManager.getContext()\" is null\r\n\tat in.finology.stepDefns.SignUp_Steps.<init>(SignUp_Steps.java:23)\r\n\tat java.base/jdk.internal.reflect.DirectConstructorHandleAccessor.newInstance(DirectConstructorHandleAccessor.java:62)\r\n\t... 30 more\r\n","duration":22059100,"status":"failed"},"before":[{"result":{"duration":10695800,"status":"passed"},"match":{"location":"in.finology.stepDefns.Hooks.beforeStep(io.cucumber.java.Scenario)"}}],"line":6,"name":"User is on new sign up page","match":{"location":"in.finology.stepDefns.SignUp_Steps.user_is_on_new_sign_up_page()"},"after":[{"result":{"duration":20810100,"status":"passed"},"match":{"location":"in.finology.stepDefns.Hooks.afterStep(io.cucumber.java.Scenario)"}}],"keyword":"Given "}]},{"start_timestamp":"2025-05-25T16:50:48.673Z","before":[{"result":{"duration":18861160800,"status":"passed"},"match":{"location":"in.finology.stepDefns.Hooks.beforeScenario()"}}],"line":70,"name":"Unsuccessful sign up with valid name, duplicate email or duplicate mobile number","description":"","id":";unsuccessful-sign-up-with-valid-name--duplicate-email-or-duplicate-mobile-number;;4","after":[{"result":{"duration":1141600,"status":"passed"},"match":{"location":"in.finology.stepDefns.Hooks.afterScenario(io.cucumber.java.Scenario)"}}],"type":"scenario","keyword":"Scenario Outline","steps":[{"result":{"duration":569700,"status":"skipped"},"before":[{"result":{"duration":54364300,"status":"skipped"},"match":{"location":"in.finology.stepDefns.Hooks.beforeStep(io.cucumber.java.Scenario)"}}],"line":60,"name":"User enters \"Reriserrrrrrrrrrrrrr\", \"reriserrrrrrrrrrrrrrruserEmailMe2122@gmail.com\" and \"8335957041\"","match":{"arguments":[{"val":"\"Reriserrrrrrrrrrrrrr\"","offset":12},{"val":"\"reriserrrrrrrrrrrrrrruserEmailMe2122@gmail.com\"","offset":36},{"val":"\"8335957041\"","offset":89}],"location":"in.finology.stepDefns.SignUp_Steps.user_enters_and(java.lang.String,java.lang.String,java.lang.String)"},"after":[{"result":{"duration":811600,"status":"skipped"},"match":{"location":"in.finology.stepDefns.Hooks.afterStep(io.cucumber.java.Scenario)"}}],"keyword":"Given "},{"result":{"status":"skipped"},"before":[{"result":{"duration":45467100,"status":"skipped"},"match":{"location":"in.finology.stepDefns.Hooks.beforeStep(io.cucumber.java.Scenario)"}}],"line":61,"name":"User clicks sign up button","match":{"location":"in.finology.stepDefns.SignUp_Steps.user_clicks_sign_up_button()"},"after":[{"result":{"status":"skipped"},"match":{"location":"in.finology.stepDefns.Hooks.afterStep(io.cucumber.java.Scenario)"}}],"keyword":"When "},{"result":{"status":"skipped"},"before":[{"result":{"status":"skipped"},"match":{"location":"in.finology.stepDefns.Hooks.beforeStep(io.cucumber.java.Scenario)"}}],"line":62,"name":"User should be redirected to login page","match":{"location":"in.finology.stepDefns.Login_Steps.user_should_be_redirected_to_login_page()"},"after":[{"result":{"status":"skipped"},"match":{"location":"in.finology.stepDefns.Hooks.afterStep(io.cucumber.java.Scenario)"}}],"keyword":"Then "},{"result":{"duration":668900,"status":"skipped"},"before":[{"result":{"status":"skipped"},"match":{"location":"in.finology.stepDefns.Hooks.beforeStep(io.cucumber.java.Scenario)"}}],"line":63,"name":"Already account \"You already have an account. Please Login to continue.\" should be shown","match":{"arguments":[{"val":"\"You already have an account. Please Login to continue.\"","offset":16}],"location":"in.finology.stepDefns.Login_Steps.already_account_should_be_shown(java.lang.String)"},"after":[{"result":{"status":"skipped"},"match":{"location":"in.finology.stepDefns.Hooks.afterStep(io.cucumber.java.Scenario)"}}],"keyword":"And "}],"tags":[{"name":"@Signup"},{"name":"@unsuccessful_duplicate_account_signup"}]}],"name":"","description":"  Sign Up Functionality","id":"","keyword":"Feature","uri":"file:src/test/resources/features/signUp.feature","tags":[{"name":"@Signup","type":"Tag","location":{"line":1,"column":1}}]}],"description":"  Sign Up Functionality","id":"","keyword":"Feature","uri":"file:src/test/resources/features/signUp.feature","tags":[{"name":"@Signup","type":"Tag","location":{"line":1,"column":1}}]}]cucumber.core.runner.TestStep.run(TestStep.java:53)\r\n\tat io.cucumber.core.runner.PickleStepTestStep.run(PickleStepTestStep.java:51)\r\n\tat io.cucumber.core.runner.TestCase.run(TestCase.java:86)\r\n\tat io.cucumber.core.runner.Runner.runPickle(Runner.java:77)\r\n\tat io.cucumber.testng.TestNGCucumberRunner.lambda$runScenario$1(TestNGCucumberRunner.java:135)\r\n\tat io.cucumber.core.runtime.CucumberExecutionContext.lambda$runTestCase$5(CucumberExecutionContext.java:136)\r\n\tat io.cucumber.core.runtime.RethrowingThrowableCollector.executeAndThrow(RethrowingThrowableCollector.java:23)\r\n\tat io.cucumber.core.runtime.CucumberExecutionContext.runTestCase(CucumberExecutionContext.java:136)\r\n\tat io.cucumber.testng.TestNGCucumberRunner.runScenario(TestNGCucumberRunner.java:132)\r\n\tat io.cucumber.testng.AbstractTestNGCucumberTests.runScenario(AbstractTestNGCucumberTests.java:35)\r\n\tat java.base/jdk.internal.reflect.DirectMethodHandleAccessor.invoke(DirectMethodHandleAccessor.java:103)\r\n\tat java.base/java.lang.reflect.Method.invoke(Method.java:580)\r\n\tat org.testng.internal.invokers.MethodInvocationHelper.invokeMethod(MethodInvocationHelper.java:141)\r\n\tat org.testng.internal.invokers.TestInvoker.invokeMethod(TestInvoker.java:687)\r\n\tat org.testng.internal.invokers.TestInvoker.invokeTestMethod(TestInvoker.java:230)\r\n\tat org.testng.internal.invokers.TestMethodWithDataProviderMethodWorker.call(TestMethodWithDataProviderMethodWorker.java:81)\r\n\tat org.testng.internal.thread.Async$AsyncTask.run(Async.java:34)\r\n\tat java.base/java.util.concurrent.ThreadPoolExecutor.runWorker(ThreadPoolExecutor.java:1144)\r\n\tat java.base/java.util.concurrent.ThreadPoolExecutor$Worker.run(ThreadPoolExecutor.java:642)\r\n\tat java.base/java.lang.Thread.run(Thread.java:1583)\r\nCaused by: java.lang.reflect.InvocationTargetException\r\n\tat java.base/jdk.internal.reflect.DirectConstructorHandleAccessor.newInstance(DirectConstructorHandleAccessor.java:72)\r\n\tat java.base/java.lang.reflect.Constructor.newInstanceWithCaller(Constructor.java:502)\r\n\tat java.base/java.lang.reflect.Constructor.newInstance(Constructor.java:486)\r\n\tat io.cucumber.core.backend.DefaultObjectFactory.cacheNewInstance(DefaultObjectFactory.java:53)\r\n\t... 27 more\r\nCaused by: java.lang.NullPointerException: Cannot invoke \"in.finology.utils.ObjectContext.getDriver()\" because the return value of \"in.finology.utils.ContextManager.getContext()\" is null\r\n\tat in.finology.stepDefns.SignUp_Steps.<init>(SignUp_Steps.java:23)\r\n\tat java.base/jdk.internal.reflect.DirectConstructorHandleAccessor.newInstance(DirectConstructorHandleAccessor.java:62)\r\n\t... 30 more\r\n","duration":4000800,"status":"failed"},"before":[{"result":{"status":"passed"},"match":{"location":"in.finology.stepDefns.Hooks.beforeStep(io.cucumber.java.Scenario)"}}],"line":6,"name":"User is on new sign up page","match":{"location":"in.finology.stepDefns.SignUp_Steps.user_is_on_new_sign_up_page()"},"after":[{"result":{"status":"passed"},"match":{"location":"in.finology.stepDefns.Hooks.afterStep(io.cucumber.java.Scenario)"}}],"keyword":"Given "}]},{"start_timestamp":"2025-05-25T16:50:45.570Z","before":[{"result":{"duration":21481034100,"status":"passed"},"match":{"location":"in.finology.stepDefns.Hooks.beforeScenario()"}}],"line":70,"name":"Unsuccessful sign up with valid name, duplicate email or duplicate mobile number","description":"","id":";unsuccessful-sign-up-with-valid-name--duplicate-email-or-duplicate-mobile-number;;4","after":[{"result":{"status":"passed"},"match":{"location":"in.finology.stepDefns.Hooks.afterScenario(io.cucumber.java.Scenario)"}}],"type":"scenario","keyword":"Scenario Outline","steps":[{"result":{"status":"skipped"},"before":[{"result":{"status":"skipped"},"match":{"location":"in.finology.stepDefns.Hooks.beforeStep(io.cucumber.java.Scenario)"}}],"line":60,"name":"User enters \"Reriserrrrrrrrrrrrrr\", \"reriserrrrrrrrrrrrrrruserEmailMe2122@gmail.com\" and \"8335957041\"","match":{"arguments":[{"val":"\"Reriserrrrrrrrrrrrrr\"","offset":12},{"val":"\"reriserrrrrrrrrrrrrrruserEmailMe2122@gmail.com\"","offset":36},{"val":"\"8335957041\"","offset":89}],"location":"in.finology.stepDefns.SignUp_Steps.user_enters_and(java.lang.String,java.lang.String,java.lang.String)"},"after":[{"result":{"status":"skipped"},"match":{"location":"in.finology.stepDefns.Hooks.afterStep(io.cucumber.java.Scenario)"}}],"keyword":"Given "},{"result":{"status":"skipped"},"before":[{"result":{"status":"skipped"},"match":{"location":"in.finology.stepDefns.Hooks.beforeStep(io.cucumber.java.Scenario)"}}],"line":61,"name":"User clicks sign up button","match":{"location":"in.finology.stepDefns.SignUp_Steps.user_clicks_sign_up_button()"},"after":[{"result":{"duration":17746100,"status":"skipped"},"match":{"location":"in.finology.stepDefns.Hooks.afterStep(io.cucumber.java.Scenario)"}}],"keyword":"When "},{"result":{"status":"skipped"},"before":[{"result":{"duration":52150200,"status":"skipped"},"match":{"location":"in.finology.stepDefns.Hooks.beforeStep(io.cucumber.java.Scenario)"}}],"line":62,"name":"User should be redirected to login page","match":{"location":"in.finology.stepDefns.Login_Steps.user_should_be_redirected_to_login_page()"},"after":[{"result":{"status":"skipped"},"match":{"location":"in.finology.stepDefns.Hooks.afterStep(io.cucumber.java.Scenario)"}}],"keyword":"Then "},{"result":{"status":"skipped"},"before":[{"result":{"status":"skipped"},"match":{"location":"in.finology.stepDefns.Hooks.beforeStep(io.cucumber.java.Scenario)"}}],"line":63,"name":"Already account \"You already have an account. Please Login to continue.\" should be shown","match":{"arguments":[{"val":"\"You already have an account. Please Login to continue.\"","offset":16}],"location":"in.finology.stepDefns.Login_Steps.already_account_should_be_shown(java.lang.String)"},"after":[{"result":{"status":"skipped"},"match":{"location":"in.finology.stepDefns.Hooks.afterStep(io.cucumber.java.Scenario)"}}],"keyword":"And "}],"tags":[{"name":"@Signup"},{"name":"@unsuccessful_duplicate_account_signup"}]}],"name":"","description":"  Sign Up Functionality","id":"","keyword":"Feature","uri":"file:src/test/resources/features/signUp.feature","tags":[{"name":"@Signup","type":"Tag","location":{"line":1,"column":1}}]}]